[2025-11-17 08:11:26] [32minfo[39m:Server listening on http://localhost:3000
[2025-11-17 08:11:52] [32minfo[39m:POST /users/login - 1 record(s) affected | 58ms
[2025-11-17 08:11:54] [32minfo[39m:GET /users - 4 record(s) Sent | 1ms
[2025-11-17 08:11:56] [32minfo[39m:GET /users/0 - 1 record(s) Sent | 1ms
[2025-11-17 08:12:02] [32minfo[39m:GET /users/2 - 1 record(s) Sent | 1ms
[2025-11-17 08:12:04] [32minfo[39m:GET /users/5 - 1 record(s) Sent | 1ms
[2025-11-17 08:14:06] [32minfo[39m:GET /users/0 - 1 record(s) Sent | 3ms
[2025-11-17 08:15:40] [32minfo[39m:GET /users/0 - 1 record(s) Sent | 1ms
[2025-11-17 08:15:45] [32minfo[39m:PATCH /users/5 - 1 record(s) affected | 1ms
[2025-11-17 08:15:45] [32minfo[39m:GET /users - 4 record(s) Sent | 1ms
[2025-11-17 08:15:46] [32minfo[39m:PATCH /users/5 - 1 record(s) affected | 1ms
[2025-11-17 08:15:46] [32minfo[39m:GET /users - 4 record(s) Sent | 1ms
[2025-11-17 08:18:59] [32minfo[39m:GET /users - 4 record(s) Sent | 1ms
[2025-11-17 08:19:00] [32minfo[39m:GET /users/5 - 1 record(s) Sent | 1ms
[2025-11-17 08:20:52] [32minfo[39m:GET /users - 4 record(s) Sent | 1ms
[2025-11-17 08:20:59] [32minfo[39m:GET /users - 4 record(s) Sent | 1ms
[2025-11-17 08:21:00] [32minfo[39m:PATCH /users/5 - 1 record(s) affected | 0ms
[2025-11-17 08:21:00] [32minfo[39m:GET /users - 4 record(s) Sent | 1ms
[2025-11-17 08:21:02] [32minfo[39m:GET /users - 4 record(s) Sent | 1ms
[2025-11-17 08:21:03] [32minfo[39m:PATCH /users/5 - 1 record(s) affected | 1ms
[2025-11-17 08:21:03] [32minfo[39m:GET /users - 4 record(s) Sent | 1ms
[2025-11-17 08:21:07] [32minfo[39m:PATCH /users/5 - 1 record(s) affected | 1ms
[2025-11-17 08:21:07] [32minfo[39m:GET /users - 4 record(s) Sent | 1ms
[2025-11-17 08:21:10] [32minfo[39m:PATCH /users/6 - 1 record(s) affected | 4ms
[2025-11-17 08:21:10] [32minfo[39m:GET /users - 4 record(s) Sent | 1ms
[2025-11-17 08:21:11] [32minfo[39m:PATCH /users/5 - 1 record(s) affected | 1ms
[2025-11-17 08:21:11] [32minfo[39m:GET /users - 4 record(s) Sent | 1ms
[2025-11-17 08:21:12] [32minfo[39m:PATCH /users/6 - 1 record(s) affected | 1ms
[2025-11-17 08:21:12] [32minfo[39m:GET /users - 4 record(s) Sent | 1ms
[2025-11-17 08:21:29] [32minfo[39m:GET /users - 4 record(s) Sent | 3ms
[2025-11-17 08:21:33] [32minfo[39m:PATCH /users/6 - 1 record(s) affected | 1ms
[2025-11-17 08:21:33] [32minfo[39m:GET /users - 4 record(s) Sent | 1ms
[2025-11-17 08:21:33] [32minfo[39m:PATCH /users/5 - 1 record(s) affected | 0ms
[2025-11-17 08:21:33] [32minfo[39m:GET /users - 4 record(s) Sent | 1ms
[2025-11-17 08:22:09] [32minfo[39m:GET /users - 4 record(s) Sent | 2ms
[2025-11-17 08:22:21] [32minfo[39m:GET /users/5 - 1 record(s) Sent | 1ms
[2025-11-17 08:22:23] [32minfo[39m:GET /users/6 - 1 record(s) Sent | 1ms
[2025-11-17 08:24:05] [32minfo[39m:GET /pizzas - 14 record(s) Sent | 1ms
[2025-11-17 08:24:30] [32minfo[39m:GET /pizzas - 14 record(s) Sent | 0ms
[2025-11-17 08:24:44] [32minfo[39m:GET /pizzas/name/eq/sksksk - 0 record(s) Sent | 1ms
[2025-11-17 08:24:44] [32minfo[39m:POST /pizzas - 1 record(s) affected | 2ms
[2025-11-17 08:24:44] [32minfo[39m:GET /pizzas - 15 record(s) Sent | 1ms
[2025-11-17 08:24:53] [32minfo[39m:GET /users - 4 record(s) Sent | 1ms
[2025-11-17 08:29:14] [32minfo[39m:GET /users - 4 record(s) Sent | 1ms
[2025-11-17 08:29:25] [32minfo[39m:GET /users/5 - 1 record(s) Sent | 1ms
[2025-11-17 08:29:25] [32minfo[39m:PATCH /users/5 - 1 record(s) affected | 1ms
[2025-11-17 08:29:25] [32minfo[39m:GET /users - 4 record(s) Sent | 0ms
[2025-11-17 08:29:28] [32minfo[39m:GET /users/5 - 1 record(s) Sent | 1ms
[2025-11-17 08:29:28] [32minfo[39m:PATCH /users/5 - 1 record(s) affected | 0ms
[2025-11-17 08:29:28] [32minfo[39m:GET /users - 4 record(s) Sent | 1ms
[2025-11-17 08:29:28] [32minfo[39m:GET /users/5 - 1 record(s) Sent | 1ms
[2025-11-17 08:29:28] [32minfo[39m:PATCH /users/5 - 1 record(s) affected | 1ms
[2025-11-17 08:29:28] [32minfo[39m:GET /users - 4 record(s) Sent | 1ms
[2025-11-17 08:29:28] [32minfo[39m:GET /users/5 - 1 record(s) Sent | 1ms
[2025-11-17 08:29:28] [32minfo[39m:PATCH /users/5 - 1 record(s) affected | 1ms
[2025-11-17 08:29:28] [32minfo[39m:GET /users - 4 record(s) Sent | 1ms
[2025-11-17 08:29:30] [32minfo[39m:GET /users/5 - 1 record(s) Sent | 1ms
[2025-11-17 08:29:30] [32minfo[39m:PATCH /users/5 - 1 record(s) affected | 1ms
[2025-11-17 08:29:30] [32minfo[39m:GET /users - 4 record(s) Sent | 2ms
[2025-11-17 08:29:31] [32minfo[39m:GET /users/6 - 1 record(s) Sent | 1ms
[2025-11-17 08:29:31] [32minfo[39m:PATCH /users/6 - 1 record(s) affected | 1ms
[2025-11-17 08:29:31] [32minfo[39m:GET /users - 4 record(s) Sent | 0ms
[2025-11-17 08:29:31] [32minfo[39m:GET /users/5 - 1 record(s) Sent | 1ms
[2025-11-17 08:29:31] [32minfo[39m:PATCH /users/5 - 1 record(s) affected | 1ms
[2025-11-17 08:29:31] [32minfo[39m:GET /users - 4 record(s) Sent | 1ms
[2025-11-17 08:29:32] [32minfo[39m:GET /users/6 - 1 record(s) Sent | 1ms
[2025-11-17 08:29:32] [32minfo[39m:PATCH /users/6 - 1 record(s) affected | 1ms
[2025-11-17 08:29:32] [32minfo[39m:GET /users - 4 record(s) Sent | 1ms
[2025-11-17 08:29:33] [32minfo[39m:GET /users/5 - 1 record(s) Sent | 2ms
[2025-11-17 08:29:33] [32minfo[39m:PATCH /users/5 - 1 record(s) affected | 1ms
[2025-11-17 08:29:33] [32minfo[39m:GET /users - 4 record(s) Sent | 1ms
[2025-11-17 08:29:33] [32minfo[39m:GET /users/6 - 1 record(s) Sent | 1ms
[2025-11-17 08:29:33] [32minfo[39m:PATCH /users/6 - 1 record(s) affected | 0ms
[2025-11-17 08:29:33] [32minfo[39m:GET /users - 4 record(s) Sent | 1ms
[2025-11-17 08:29:38] [32minfo[39m:GET /users/5 - 1 record(s) Sent | 1ms
[2025-11-17 08:29:38] [32minfo[39m:PATCH /users/5 - 1 record(s) affected | 0ms
[2025-11-17 08:29:38] [32minfo[39m:GET /users - 4 record(s) Sent | 1ms
[2025-11-17 08:29:39] [32minfo[39m:GET /users/6 - 1 record(s) Sent | 2ms
[2025-11-17 08:29:39] [32minfo[39m:PATCH /users/6 - 1 record(s) affected | 0ms
[2025-11-17 08:29:39] [32minfo[39m:GET /users - 4 record(s) Sent | 1ms
[2025-11-17 08:29:39] [32minfo[39m:GET /users/5 - 1 record(s) Sent | 1ms
[2025-11-17 08:29:39] [32minfo[39m:PATCH /users/5 - 1 record(s) affected | 1ms
[2025-11-17 08:29:39] [32minfo[39m:GET /users - 4 record(s) Sent | 1ms
[2025-11-17 08:29:40] [32minfo[39m:GET /users/6 - 1 record(s) Sent | 1ms
[2025-11-17 08:29:40] [32minfo[39m:PATCH /users/6 - 1 record(s) affected | 1ms
[2025-11-17 08:29:40] [32minfo[39m:GET /users - 4 record(s) Sent | 2ms
[2025-11-17 08:30:10] [32minfo[39m:GET /users/5 - 1 record(s) Sent | 1ms
[2025-11-17 08:30:10] [32minfo[39m:PATCH /users/5 - 1 record(s) affected | 1ms
[2025-11-17 08:30:10] [32minfo[39m:GET /users - 4 record(s) Sent | 2ms
[2025-11-17 08:30:11] [32minfo[39m:GET /users - 4 record(s) Sent | 2ms
[2025-11-17 08:30:40] [32minfo[39m:GET /users - 4 record(s) Sent | 2ms
[2025-11-17 08:30:43] [32minfo[39m:GET /users/5 - 1 record(s) Sent | 0ms
[2025-11-17 08:30:43] [32minfo[39m:PATCH /users/5 - 1 record(s) affected | 1ms
[2025-11-17 08:30:43] [32minfo[39m:GET /users - 4 record(s) Sent | 1ms
[2025-11-17 08:30:44] [32minfo[39m:GET /users/5 - 1 record(s) Sent | 1ms
[2025-11-17 08:30:44] [32minfo[39m:PATCH /users/5 - 1 record(s) affected | 3ms
[2025-11-17 08:30:44] [32minfo[39m:GET /users - 4 record(s) Sent | 1ms
[2025-11-17 08:30:52] [32minfo[39m:GET /users/6 - 1 record(s) Sent | 2ms
[2025-11-17 08:30:52] [32minfo[39m:PATCH /users/6 - 1 record(s) affected | 3ms
[2025-11-17 08:30:52] [32minfo[39m:GET /users - 4 record(s) Sent | 1ms
[2025-11-17 08:30:53] [32minfo[39m:GET /users/6 - 1 record(s) Sent | 1ms
[2025-11-17 08:30:53] [32minfo[39m:PATCH /users/6 - 1 record(s) affected | 0ms
[2025-11-17 08:30:53] [32minfo[39m:GET /users - 4 record(s) Sent | 1ms
[2025-11-17 08:30:53] [32minfo[39m:GET /users/6 - 1 record(s) Sent | 1ms
[2025-11-17 08:30:53] [32minfo[39m:PATCH /users/6 - 1 record(s) affected | 1ms
[2025-11-17 08:30:53] [32minfo[39m:GET /users - 4 record(s) Sent | 1ms
[2025-11-17 08:30:54] [32minfo[39m:GET /users/5 - 1 record(s) Sent | 1ms
[2025-11-17 08:30:54] [32minfo[39m:PATCH /users/5 - 1 record(s) affected | 4ms
[2025-11-17 08:30:54] [32minfo[39m:GET /users - 4 record(s) Sent | 1ms
[2025-11-17 08:30:55] [32minfo[39m:GET /users/6 - 1 record(s) Sent | 1ms
[2025-11-17 08:30:55] [32minfo[39m:PATCH /users/6 - 1 record(s) affected | 1ms
[2025-11-17 08:30:55] [32minfo[39m:GET /users - 4 record(s) Sent | 1ms
[2025-11-17 08:30:56] [32minfo[39m:GET /users/6 - 1 record(s) Sent | 1ms
[2025-11-17 08:30:56] [32minfo[39m:PATCH /users/6 - 1 record(s) affected | 3ms
[2025-11-17 08:30:56] [32minfo[39m:GET /users - 4 record(s) Sent | 2ms
[2025-11-17 08:30:57] [32minfo[39m:GET /users/5 - 1 record(s) Sent | 1ms
[2025-11-17 08:30:57] [32minfo[39m:PATCH /users/5 - 1 record(s) affected | 2ms
[2025-11-17 08:30:57] [32minfo[39m:GET /users - 4 record(s) Sent | 1ms
[2025-11-17 08:31:42] [32minfo[39m:GET /users - 4 record(s) Sent | 2ms
[2025-11-17 08:31:44] [32minfo[39m:GET /users - 4 record(s) Sent | 1ms
[2025-11-17 08:31:50] [32minfo[39m:GET /users/5 - 1 record(s) Sent | 2ms
[2025-11-17 08:31:50] [32minfo[39m:PATCH /users/5 - 1 record(s) affected | 1ms
[2025-11-17 08:31:50] [32minfo[39m:GET /users - 4 record(s) Sent | 1ms
[2025-11-17 08:31:52] [32minfo[39m:GET /users/5 - 1 record(s) Sent | 1ms
[2025-11-17 08:31:52] [32minfo[39m:PATCH /users/5 - 1 record(s) affected | 0ms
[2025-11-17 08:31:52] [32minfo[39m:GET /users - 4 record(s) Sent | 1ms
[2025-11-17 08:31:52] [32minfo[39m:GET /users/5 - 1 record(s) Sent | 1ms
[2025-11-17 08:31:52] [32minfo[39m:PATCH /users/5 - 1 record(s) affected | 2ms
[2025-11-17 08:31:52] [32minfo[39m:GET /users - 4 record(s) Sent | 1ms
[2025-11-17 08:33:09] [32minfo[39m:GET /users - 4 record(s) Sent | 2ms
[2025-11-17 08:33:25] [32minfo[39m:GET /users - 4 record(s) Sent | 2ms
[2025-11-17 08:34:10] [32minfo[39m:GET /users - 4 record(s) Sent | 2ms
[2025-11-17 08:34:55] [32minfo[39m:GET /users - 4 record(s) Sent | 1ms
[2025-11-17 08:34:58] [32minfo[39m:GET /users - 4 record(s) Sent | 2ms
[2025-11-17 08:35:02] [32minfo[39m:GET /users/6 - 1 record(s) Sent | 2ms
[2025-11-17 08:35:02] [32minfo[39m:PATCH /users/6 - 1 record(s) affected | 1ms
[2025-11-17 08:35:02] [32minfo[39m:GET /users - 4 record(s) Sent | 1ms
[2025-11-17 08:35:03] [32minfo[39m:GET /users/6 - 1 record(s) Sent | 1ms
[2025-11-17 08:35:03] [32minfo[39m:PATCH /users/6 - 1 record(s) affected | 1ms
[2025-11-17 08:35:03] [32minfo[39m:GET /users - 4 record(s) Sent | 1ms
[2025-11-17 08:35:03] [32minfo[39m:GET /users/6 - 1 record(s) Sent | 1ms
[2025-11-17 08:35:03] [32minfo[39m:PATCH /users/6 - 1 record(s) affected | 2ms
[2025-11-17 08:35:03] [32minfo[39m:GET /users/6 - 1 record(s) Sent | 1ms
[2025-11-17 08:35:03] [32minfo[39m:PATCH /users/6 - 1 record(s) affected | 1ms
[2025-11-17 08:35:03] [32minfo[39m:GET /users/6 - 1 record(s) Sent | 1ms
[2025-11-17 08:35:03] [32minfo[39m:PATCH /users/6 - 1 record(s) affected | 4ms
[2025-11-17 08:35:03] [32minfo[39m:GET /users - 4 record(s) Sent | 1ms
[2025-11-17 08:35:39] [32minfo[39m:GET /users/6 - 1 record(s) Sent | 1ms
[2025-11-17 08:35:39] [32minfo[39m:PATCH /users/6 - 1 record(s) affected | 0ms
[2025-11-17 08:35:39] [32minfo[39m:GET /users - 4 record(s) Sent | 1ms
[2025-11-17 08:35:40] [32minfo[39m:GET /users/6 - 1 record(s) Sent | 1ms
[2025-11-17 08:35:40] [32minfo[39m:PATCH /users/6 - 1 record(s) affected | 4ms
[2025-11-17 08:35:47] [32minfo[39m:GET /users - 4 record(s) Sent | 2ms
[2025-11-17 08:36:10] [32minfo[39m:GET /users - 4 record(s) Sent | 3ms
[2025-11-17 08:37:43] [32minfo[39m:GET /users - 4 record(s) Sent | 2ms
[2025-11-17 08:37:58] [32minfo[39m:GET /users - 4 record(s) Sent | 2ms
[2025-11-17 08:38:00] [32minfo[39m:GET /users/5 - 1 record(s) Sent | 1ms
[2025-11-17 08:38:00] [32minfo[39m:PATCH /users/5 - 1 record(s) affected | 2ms
[2025-11-17 08:38:00] [32minfo[39m:GET /users - 4 record(s) Sent | 0ms
[2025-11-17 08:38:13] [32minfo[39m:GET /users/5 - 1 record(s) Sent | 1ms
[2025-11-17 08:38:13] [32minfo[39m:PATCH /users/5 - 1 record(s) affected | 1ms
[2025-11-17 08:38:13] [32minfo[39m:GET /users - 4 record(s) Sent | 1ms
[2025-11-17 08:38:14] [32minfo[39m:GET /users/5 - 1 record(s) Sent | 1ms
[2025-11-17 08:38:14] [32minfo[39m:PATCH /users/5 - 1 record(s) affected | 2ms
[2025-11-17 08:38:14] [32minfo[39m:GET /users - 4 record(s) Sent | 1ms
[2025-11-17 08:38:56] [32minfo[39m:GET /users - 4 record(s) Sent | 2ms
[2025-11-17 08:38:58] [32minfo[39m:GET /users/5 - 1 record(s) Sent | 2ms
[2025-11-17 08:38:58] [32minfo[39m:PATCH /users/5 - 1 record(s) affected | 1ms
[2025-11-17 08:38:58] [32minfo[39m:GET /users - 4 record(s) Sent | 1ms
[2025-11-17 08:39:05] [32minfo[39m:GET /users/5 - 1 record(s) Sent | 2ms
[2025-11-17 08:39:05] [32minfo[39m:PATCH /users/5 - 1 record(s) affected | 0ms
[2025-11-17 08:39:05] [32minfo[39m:GET /users - 4 record(s) Sent | 1ms
[2025-11-17 08:39:06] [32minfo[39m:GET /users/5 - 1 record(s) Sent | 1ms
[2025-11-17 08:39:06] [32minfo[39m:PATCH /users/5 - 1 record(s) affected | 3ms
[2025-11-17 08:39:06] [32minfo[39m:GET /users - 4 record(s) Sent | 1ms
[2025-11-17 08:39:07] [32minfo[39m:GET /users/6 - 1 record(s) Sent | 1ms
[2025-11-17 08:39:07] [32minfo[39m:PATCH /users/6 - 1 record(s) affected | 1ms
[2025-11-17 08:39:07] [32minfo[39m:GET /users - 4 record(s) Sent | 1ms
[2025-11-17 08:39:08] [32minfo[39m:GET /users/6 - 1 record(s) Sent | 1ms
[2025-11-17 08:39:08] [32minfo[39m:PATCH /users/6 - 1 record(s) affected | 2ms
[2025-11-17 08:39:08] [32minfo[39m:GET /users - 4 record(s) Sent | 1ms
[2025-11-17 08:39:09] [32minfo[39m:GET /users/5 - 1 record(s) Sent | 1ms
[2025-11-17 08:39:09] [32minfo[39m:PATCH /users/5 - 1 record(s) affected | 3ms
[2025-11-17 08:39:09] [32minfo[39m:GET /users - 4 record(s) Sent | 1ms
[2025-11-17 08:39:10] [32minfo[39m:GET /users/5 - 1 record(s) Sent | 1ms
[2025-11-17 08:39:10] [32minfo[39m:PATCH /users/5 - 1 record(s) affected | 1ms
[2025-11-17 08:39:10] [32minfo[39m:GET /users - 4 record(s) Sent | 0ms
[2025-11-17 08:39:10] [32minfo[39m:GET /users/5 - 1 record(s) Sent | 1ms
[2025-11-17 08:39:10] [32minfo[39m:PATCH /users/5 - 1 record(s) affected | 3ms
[2025-11-17 08:39:10] [32minfo[39m:GET /users - 4 record(s) Sent | 0ms
[2025-11-17 08:39:11] [32minfo[39m:GET /users/6 - 1 record(s) Sent | 1ms
[2025-11-17 08:39:11] [32minfo[39m:PATCH /users/6 - 1 record(s) affected | 3ms
[2025-11-17 08:39:11] [32minfo[39m:GET /users - 4 record(s) Sent | 2ms
[2025-11-17 08:41:02] [32minfo[39m:GET /users - 4 record(s) Sent | 2ms
[2025-11-17 08:41:20] [32minfo[39m:GET /users - 4 record(s) Sent | 1ms
[2025-11-17 08:41:44] [32minfo[39m:GET /users/0 - 1 record(s) Sent | 1ms
[2025-11-17 08:42:39] [32minfo[39m:GET /users - 4 record(s) Sent | 1ms
[2025-11-17 08:43:05] [32minfo[39m:GET /users - 4 record(s) Sent | 1ms
[2025-11-17 09:01:45] [32minfo[39m:GET /users/6 - 1 record(s) Sent | 1ms
[2025-11-17 09:01:45] [32minfo[39m:PATCH /users/6 - 1 record(s) affected | 2ms
[2025-11-17 09:01:45] [32minfo[39m:GET /users - 4 record(s) Sent | 1ms
[2025-11-17 09:01:46] [32minfo[39m:GET /users/6 - 1 record(s) Sent | 1ms
[2025-11-17 09:01:46] [32minfo[39m:PATCH /users/6 - 1 record(s) affected | 0ms
[2025-11-17 09:01:46] [32minfo[39m:GET /users - 4 record(s) Sent | 0ms
[2025-11-17 09:01:47] [32minfo[39m:GET /users/6 - 1 record(s) Sent | 1ms
[2025-11-17 09:01:47] [32minfo[39m:PATCH /users/6 - 1 record(s) affected | 3ms
[2025-11-17 09:01:47] [32minfo[39m:GET /users - 4 record(s) Sent | 1ms
[2025-11-17 09:03:07] [32minfo[39m:GET /users/6 - 1 record(s) Sent | 1ms
[2025-11-17 09:03:07] [32minfo[39m:PATCH /users/6 - 1 record(s) affected | 1ms
[2025-11-17 09:03:07] [32minfo[39m:GET /users - 4 record(s) Sent | 1ms
[2025-11-17 09:03:08] [32minfo[39m:GET /users/6 - 1 record(s) Sent | 1ms
[2025-11-17 09:03:08] [32minfo[39m:PATCH /users/6 - 1 record(s) affected | 5ms
[2025-11-17 09:03:08] [32minfo[39m:GET /users - 4 record(s) Sent | 0ms
[2025-11-17 09:03:09] [32minfo[39m:GET /users - 4 record(s) Sent | 1ms
[2025-11-17 09:04:03] [32minfo[39m:GET /users - 4 record(s) Sent | 1ms
[2025-11-17 09:04:05] [32minfo[39m:GET /users/0 - 1 record(s) Sent | 1ms
[2025-11-17 09:04:15] [32minfo[39m:GET /users - 4 record(s) Sent | 1ms
[2025-11-17 09:18:05] [32minfo[39m:Server listening on http://localhost:3000
[2025-11-17 09:19:06] [32minfo[39m:Server listening on http://localhost:3000
[2025-11-17 09:19:29] [32minfo[39m:Server listening on http://localhost:3000
[2025-11-17 09:20:28] [32minfo[39m:POST /users/login - 0 record(s) affected | 18ms
[2025-11-17 09:21:05] [32minfo[39m:Server listening on http://localhost:3000
[2025-11-17 09:21:15] [32minfo[39m:POST /users/login - 1 record(s) affected | 18ms
[2025-11-17 09:21:17] [32minfo[39m:GET /users - 4 record(s) Sent | 2ms
[2025-11-17 09:26:28] [32minfo[39m:GET /users - 31 record(s) Sent | 2ms
[2025-11-17 09:29:34] [32minfo[39m:GET /users - 31 record(s) Sent | 2ms
[2025-11-17 09:29:49] [32minfo[39m:Server listening on http://localhost:3000
[2025-11-17 09:29:51] [32minfo[39m:GET /users - 29 record(s) Sent | 20ms
[2025-11-17 09:30:00] [32minfo[39m:GET /pizzas - 20 record(s) Sent | 6ms
[2025-11-17 09:30:07] [32minfo[39m:GET /pizzas - 20 record(s) Sent | 1ms
[2025-11-17 09:30:23] [32minfo[39m:GET /users - 29 record(s) Sent | 2ms
[2025-11-17 09:30:28] [32minfo[39m:GET /users/20 - 1 record(s) Sent | 3ms
[2025-11-17 09:30:28] [32minfo[39m:PATCH /users/20 - 1 record(s) affected | 1ms
[2025-11-17 09:30:28] [32minfo[39m:GET /users - 29 record(s) Sent | 2ms
[2025-11-17 09:30:31] [32minfo[39m:GET /users/5 - 1 record(s) Sent | 0ms
[2025-11-17 09:30:31] [32minfo[39m:PATCH /users/5 - 1 record(s) affected | 4ms
[2025-11-17 09:30:31] [32minfo[39m:GET /users - 29 record(s) Sent | 2ms
[2025-11-17 09:30:32] [32minfo[39m:GET /users/5 - 1 record(s) Sent | 0ms
[2025-11-17 09:30:32] [32minfo[39m:PATCH /users/5 - 1 record(s) affected | 1ms
[2025-11-17 09:30:32] [32minfo[39m:GET /users - 29 record(s) Sent | 1ms
[2025-11-17 09:30:32] [32minfo[39m:GET /users/5 - 1 record(s) Sent | 1ms
[2025-11-17 09:30:32] [32minfo[39m:PATCH /users/5 - 1 record(s) affected | 1ms
[2025-11-17 09:30:32] [32minfo[39m:GET /users - 29 record(s) Sent | 1ms
[2025-11-17 09:30:34] [32minfo[39m:GET /users/25 - 1 record(s) Sent | 1ms
[2025-11-17 09:30:34] [32minfo[39m:PATCH /users/25 - 1 record(s) affected | 1ms
[2025-11-17 09:30:34] [32minfo[39m:GET /users - 29 record(s) Sent | 1ms
[2025-11-17 09:30:43] [32minfo[39m:GET /users/20 - 1 record(s) Sent | 0ms
[2025-11-17 09:30:43] [32minfo[39m:PATCH /users/20 - 1 record(s) affected | 0ms
[2025-11-17 09:30:43] [32minfo[39m:GET /users - 29 record(s) Sent | 1ms
[2025-11-17 09:30:45] [32minfo[39m:GET /users/20 - 1 record(s) Sent | 1ms
[2025-11-17 09:30:45] [32minfo[39m:PATCH /users/20 - 1 record(s) affected | 3ms
[2025-11-17 09:30:45] [32minfo[39m:GET /users - 29 record(s) Sent | 1ms
[2025-11-17 09:31:53] [32minfo[39m:GET /users/5 - 1 record(s) Sent | 1ms
[2025-11-17 09:31:53] [32minfo[39m:PATCH /users/5 - 1 record(s) affected | 0ms
[2025-11-17 09:31:53] [32minfo[39m:GET /users - 29 record(s) Sent | 1ms
[2025-11-17 09:31:53] [32minfo[39m:GET /users/5 - 1 record(s) Sent | 1ms
[2025-11-17 09:31:53] [32minfo[39m:PATCH /users/5 - 1 record(s) affected | 2ms
[2025-11-17 09:31:53] [32minfo[39m:GET /users - 29 record(s) Sent | 1ms
[2025-11-17 09:31:54] [32minfo[39m:GET /users/5 - 1 record(s) Sent | 1ms
[2025-11-17 09:31:54] [32minfo[39m:PATCH /users/5 - 1 record(s) affected | 0ms
[2025-11-17 09:31:54] [32minfo[39m:GET /users - 29 record(s) Sent | 1ms
[2025-11-17 09:31:54] [32minfo[39m:GET /users/5 - 1 record(s) Sent | 1ms
[2025-11-17 09:31:54] [32minfo[39m:PATCH /users/5 - 1 record(s) affected | 2ms
[2025-11-17 09:31:54] [32minfo[39m:GET /users - 29 record(s) Sent | 1ms
[2025-11-17 09:32:27] [32minfo[39m:Server listening on http://localhost:3000
[2025-11-17 09:32:28] [32minfo[39m:GET /users - 29 record(s) Sent | 22ms
[2025-11-17 09:33:45] [32minfo[39m:POST /users/login - 1 record(s) affected | 1ms
[2025-11-17 09:33:47] [32minfo[39m:GET /users - 29 record(s) Sent | 1ms
[2025-11-17 09:36:18] [32minfo[39m:GET /pizzas - 20 record(s) Sent | 2ms
[2025-11-17 09:36:21] [32minfo[39m:GET /users - 29 record(s) Sent | 1ms
[2025-11-17 09:38:13] [32minfo[39m:GET /users - 29 record(s) Sent | 2ms
[2025-11-17 09:39:45] [32minfo[39m:GET /users - 29 record(s) Sent | 2ms
[2025-11-17 09:39:57] [32minfo[39m:GET /users - 29 record(s) Sent | 1ms
[2025-11-17 09:40:10] [32minfo[39m:GET /users - 29 record(s) Sent | 2ms
[2025-11-17 09:56:41] [32minfo[39m:Server listening on http://localhost:3000
[2025-11-17 09:58:54] [32minfo[39m:Server listening on http://localhost:3000
[2025-11-17 09:59:05] [32minfo[39m:GET /users/1 - 1 record(s) Sent | 17ms
[2025-11-17 09:59:12] [32minfo[39m:GET /users/1 - 1 record(s) Sent | 2ms
[2025-11-17 10:00:56] [32minfo[39m:Server listening on http://localhost:3000
[2025-11-17 10:01:09] [32minfo[39m:Server listening on http://localhost:3000
[2025-11-17 10:02:05] [32minfo[39m:GET /users - 29 record(s) Sent | 20ms
[2025-11-17 10:05:51] [32minfo[39m:GET /users - 29 record(s) Sent | 2ms
[2025-11-17 10:06:36] [32minfo[39m:GET /users - 29 record(s) Sent | 2ms
[2025-11-17 10:06:37] [32minfo[39m:GET /users/1 - 1 record(s) Sent | 3ms
[2025-11-17 10:06:37] [32minfo[39m:GET /orders/1 - 1 record(s) Sent | 7ms
[2025-11-17 10:07:22] [32minfo[39m:GET /users/2 - 1 record(s) Sent | 2ms
[2025-11-17 10:07:22] [32minfo[39m:GET /orders/2 - 1 record(s) Sent | 3ms
[2025-11-17 10:08:12] [32minfo[39m:GET /orders/3 - 1 record(s) Sent | 2ms
[2025-11-17 10:08:12] [32minfo[39m:GET /users/3 - 1 record(s) Sent | 5ms
[2025-11-17 10:08:29] [32minfo[39m:GET /users/1 - 1 record(s) Sent | 2ms
[2025-11-17 10:08:29] [32minfo[39m:GET /orders/1 - 1 record(s) Sent | 2ms
[2025-11-17 10:09:33] [32minfo[39m:GET /users - 29 record(s) Sent | 3ms
[2025-11-17 10:10:37] [32minfo[39m:GET /users - 29 record(s) Sent | 2ms
[2025-11-17 10:10:40] [32minfo[39m:GET /users/1 - 1 record(s) Sent | 2ms
[2025-11-17 10:10:40] [32minfo[39m:GET /orders/1 - 1 record(s) Sent | 3ms
[2025-11-17 10:12:17] [32minfo[39m:GET /users - 29 record(s) Sent | 3ms
[2025-11-17 10:12:18] [32minfo[39m:GET /orders/1 - 1 record(s) Sent | 1ms
[2025-11-17 10:12:18] [32minfo[39m:GET /users/1 - 1 record(s) Sent | 2ms
[2025-11-17 10:13:17] [32minfo[39m:GET /users - 29 record(s) Sent | 1ms
[2025-11-17 10:13:18] [32minfo[39m:GET /orders/1 - 1 record(s) Sent | 2ms
[2025-11-17 10:13:18] [32minfo[39m:GET /users/1 - 1 record(s) Sent | 2ms
[2025-11-17 10:13:26] [32minfo[39m:GET /users - 29 record(s) Sent | 1ms
[2025-11-17 10:13:27] [32minfo[39m:GET /users/1 - 1 record(s) Sent | 1ms
[2025-11-17 10:13:27] [32minfo[39m:GET /orders/1 - 1 record(s) Sent | 3ms
[2025-11-17 10:13:52] [32minfo[39m:GET /users - 29 record(s) Sent | 1ms
[2025-11-17 10:14:21] [32minfo[39m:GET /users - 29 record(s) Sent | 2ms
[2025-11-17 10:14:22] [32minfo[39m:GET /orders/1 - 1 record(s) Sent | 1ms
[2025-11-17 10:14:22] [32minfo[39m:GET /users/1 - 1 record(s) Sent | 2ms
[2025-11-17 10:14:57] [32minfo[39m:GET /users - 29 record(s) Sent | 1ms
[2025-11-17 10:14:58] [32minfo[39m:GET /orders/1 - 1 record(s) Sent | 1ms
[2025-11-17 10:14:58] [32minfo[39m:GET /users/1 - 1 record(s) Sent | 2ms
[2025-11-17 10:15:16] [32minfo[39m:GET /users - 29 record(s) Sent | 1ms
[2025-11-17 10:15:17] [32minfo[39m:GET /orders/1 - 1 record(s) Sent | 1ms
[2025-11-17 10:15:17] [32minfo[39m:GET /users/1 - 1 record(s) Sent | 2ms
[2025-11-17 10:16:29] [32minfo[39m:GET /users - 29 record(s) Sent | 1ms
[2025-11-17 10:16:31] [32minfo[39m:GET /orders/1 - 1 record(s) Sent | 1ms
[2025-11-17 10:16:31] [32minfo[39m:GET /users/1 - 1 record(s) Sent | 2ms
[2025-11-17 10:16:50] [32minfo[39m:GET /users - 29 record(s) Sent | 1ms
[2025-11-17 10:17:07] [32minfo[39m:GET /users - 29 record(s) Sent | 1ms
[2025-11-17 10:17:09] [32minfo[39m:GET /users/1 - 1 record(s) Sent | 1ms
[2025-11-17 10:17:09] [32minfo[39m:GET /orders/1 - 1 record(s) Sent | 3ms
[2025-11-17 10:17:20] [32minfo[39m:GET /users - 29 record(s) Sent | 2ms
[2025-11-17 10:17:21] [32minfo[39m:GET /orders/1 - 1 record(s) Sent | 1ms
[2025-11-17 10:17:21] [32minfo[39m:GET /users/1 - 1 record(s) Sent | 3ms
[2025-11-17 10:17:35] [32minfo[39m:GET /users - 29 record(s) Sent | 0ms
[2025-11-17 10:17:36] [32minfo[39m:GET /orders/1 - 1 record(s) Sent | 1ms
[2025-11-17 10:17:36] [32minfo[39m:GET /users/1 - 1 record(s) Sent | 1ms
[2025-11-17 10:17:44] [32minfo[39m:GET /orders/2 - 1 record(s) Sent | 1ms
[2025-11-17 10:17:44] [32minfo[39m:GET /users/2 - 1 record(s) Sent | 2ms
[2025-11-17 10:17:52] [32minfo[39m:GET /users/3 - 1 record(s) Sent | 1ms
[2025-11-17 10:17:52] [32minfo[39m:GET /orders/3 - 1 record(s) Sent | 2ms
[2025-11-17 10:19:13] [32minfo[39m:GET /orders/1 - 1 record(s) Sent | 1ms
[2025-11-17 10:19:13] [32minfo[39m:GET /users/1 - 1 record(s) Sent | 2ms
[2025-11-17 10:19:51] [32minfo[39m:GET /users/1 - 1 record(s) Sent | 1ms
[2025-11-17 10:19:51] [32minfo[39m:GET /orders/1 - 1 record(s) Sent | 1ms
[2025-11-17 10:20:05] [32minfo[39m:GET /users - 29 record(s) Sent | 1ms
[2025-11-17 10:20:05] [32minfo[39m:GET /orders/1 - 1 record(s) Sent | 1ms
[2025-11-17 10:20:05] [32minfo[39m:GET /users/1 - 1 record(s) Sent | 2ms
[2025-11-17 10:20:13] [32minfo[39m:GET /users - 29 record(s) Sent | 1ms
[2025-11-17 10:20:14] [32minfo[39m:GET /orders/1 - 1 record(s) Sent | 1ms
[2025-11-17 10:20:14] [32minfo[39m:GET /users/1 - 1 record(s) Sent | 1ms
[2025-11-17 10:20:38] [32minfo[39m:GET /users - 29 record(s) Sent | 1ms
[2025-11-17 10:20:38] [32minfo[39m:GET /orders/1 - 1 record(s) Sent | 1ms
[2025-11-17 10:20:38] [32minfo[39m:GET /users/1 - 1 record(s) Sent | 2ms
[2025-11-17 10:20:42] [32minfo[39m:GET /users/2 - 1 record(s) Sent | 1ms
[2025-11-17 10:20:42] [32minfo[39m:GET /orders/2 - 1 record(s) Sent | 2ms
[2025-11-17 10:20:50] [32minfo[39m:GET /users - 29 record(s) Sent | 1ms
[2025-11-17 10:20:50] [32minfo[39m:GET /orders/1 - 1 record(s) Sent | 1ms
[2025-11-17 10:20:50] [32minfo[39m:GET /users/1 - 1 record(s) Sent | 2ms
[2025-11-17 10:20:59] [32minfo[39m:GET /users - 29 record(s) Sent | 2ms
[2025-11-17 10:21:00] [32minfo[39m:GET /orders/1 - 1 record(s) Sent | 1ms
[2025-11-17 10:21:00] [32minfo[39m:GET /users/1 - 1 record(s) Sent | 1ms
[2025-11-17 10:21:18] [32minfo[39m:GET /users - 29 record(s) Sent | 2ms
[2025-11-17 10:21:21] [32minfo[39m:GET /users/2 - 1 record(s) Sent | 1ms
[2025-11-17 10:21:21] [32minfo[39m:GET /orders/2 - 1 record(s) Sent | 2ms
[2025-11-17 10:22:32] [32minfo[39m:GET /users - 29 record(s) Sent | 1ms
[2025-11-17 10:22:34] [32minfo[39m:GET /orders/1 - 1 record(s) Sent | 1ms
[2025-11-17 10:22:34] [32minfo[39m:GET /users/1 - 1 record(s) Sent | 3ms
[2025-11-17 10:22:47] [32minfo[39m:GET /users - 29 record(s) Sent | 1ms
[2025-11-17 10:22:48] [32minfo[39m:GET /orders/2 - 1 record(s) Sent | 1ms
[2025-11-17 10:22:48] [32minfo[39m:GET /users/2 - 1 record(s) Sent | 2ms
[2025-11-17 10:22:55] [32minfo[39m:GET /users - 29 record(s) Sent | 1ms
[2025-11-17 10:22:56] [32minfo[39m:GET /users/3 - 1 record(s) Sent | 1ms
[2025-11-17 10:22:56] [32minfo[39m:GET /orders/3 - 1 record(s) Sent | 2ms
[2025-11-17 10:31:57] [32minfo[39m:GET /orders/2 - 1 record(s) Sent | 1ms
[2025-11-17 10:32:06] [32minfo[39m:GET /orders/1 - 1 record(s) Sent | 1ms
[2025-11-17 10:32:09] [32minfo[39m:GET /orders/3 - 1 record(s) Sent | 0ms
[2025-11-17 10:32:52] [32minfo[39m:Server listening on http://localhost:3000
[2025-11-17 10:33:05] [32minfo[39m:GET /orders/user/2 - 0 record(s) Sent | 18ms
[2025-11-17 10:33:08] [32minfo[39m:GET /orders/user/1 - 0 record(s) Sent | 2ms
[2025-11-17 10:33:11] [32minfo[39m:GET /orders/user/4 - 0 record(s) Sent | 1ms
[2025-11-17 10:33:39] [32minfo[39m:Server listening on http://localhost:3000
[2025-11-17 10:33:45] [32minfo[39m:GET /orders/user/4 - 3 record(s) Sent | 17ms
[2025-11-17 10:33:51] [32minfo[39m:GET /users - 29 record(s) Sent | 2ms
[2025-11-17 10:33:52] [32minfo[39m:GET /orders/1 - 1 record(s) Sent | 2ms
[2025-11-17 10:33:52] [32minfo[39m:GET /users/1 - 1 record(s) Sent | 4ms
[2025-11-17 10:34:20] [32minfo[39m:GET /users - 29 record(s) Sent | 2ms
[2025-11-17 10:34:21] [32minfo[39m:GET /users/1 - 1 record(s) Sent | 3ms
[2025-11-17 10:34:21] [32minfo[39m:GET /orders/user/1 - 0 record(s) Sent | 2ms
[2025-11-17 10:34:34] [32minfo[39m:GET /users - 29 record(s) Sent | 1ms
[2025-11-17 10:34:35] [32minfo[39m:GET /orders/user/1 - 0 record(s) Sent | 2ms
[2025-11-17 10:34:35] [32minfo[39m:GET /users/1 - 1 record(s) Sent | 3ms
[2025-11-17 10:34:37] [32minfo[39m:GET /orders/user/2 - 4 record(s) Sent | 2ms
[2025-11-17 10:34:37] [32minfo[39m:GET /users/2 - 1 record(s) Sent | 2ms
[2025-11-17 10:34:44] [32minfo[39m:GET /users/3 - 1 record(s) Sent | 1ms
[2025-11-17 10:34:44] [32minfo[39m:GET /orders/user/3 - 3 record(s) Sent | 3ms
[2025-11-17 10:34:51] [32minfo[39m:GET /users/4 - 1 record(s) Sent | 0ms
[2025-11-17 10:34:51] [32minfo[39m:GET /orders/user/4 - 3 record(s) Sent | 1ms
[2025-11-17 10:35:28] [32minfo[39m:GET /users - 29 record(s) Sent | 2ms
[2025-11-17 10:35:30] [32minfo[39m:GET /orders/user/1 - 0 record(s) Sent | 1ms
[2025-11-17 10:35:30] [32minfo[39m:GET /users/1 - 1 record(s) Sent | 2ms
[2025-11-17 10:35:38] [32minfo[39m:GET /users - 29 record(s) Sent | 1ms
[2025-11-17 10:35:41] [32minfo[39m:GET /users - 29 record(s) Sent | 1ms
[2025-11-17 10:35:41] [32minfo[39m:GET /orders/user/2 - 4 record(s) Sent | 1ms
[2025-11-17 10:35:41] [32minfo[39m:GET /users/2 - 1 record(s) Sent | 1ms
[2025-11-17 10:53:27] [32minfo[39m:GET /users/2 - 1 record(s) Sent | 1ms
[2025-11-17 10:53:27] [32minfo[39m:GET /orders/user/2 - 4 record(s) Sent | 3ms
[2025-11-17 20:21:34] [32minfo[39m:Server listening on http://localhost:3000
[2025-11-17 20:24:45] [32minfo[39m:POST /users/login - 1 record(s) affected | 37ms
[2025-11-17 20:24:47] [32minfo[39m:GET /pizzas - 20 record(s) Sent | 5ms
[2025-11-17 20:24:51] [32minfo[39m:GET /users - 29 record(s) Sent | 3ms
[2025-11-17 20:24:56] [32minfo[39m:GET /users/4 - 1 record(s) Sent | 4ms
[2025-11-17 20:24:56] [32minfo[39m:PATCH /users/4 - 1 record(s) affected | 5ms
[2025-11-17 20:24:56] [32minfo[39m:GET /users - 29 record(s) Sent | 2ms
[2025-11-17 20:24:58] [32minfo[39m:GET /users/4 - 1 record(s) Sent | 2ms
[2025-11-17 20:24:58] [32minfo[39m:PATCH /users/4 - 1 record(s) affected | 1ms
[2025-11-17 20:24:58] [32minfo[39m:GET /users - 29 record(s) Sent | 2ms
[2025-11-17 20:24:58] [32minfo[39m:GET /users/4 - 1 record(s) Sent | 1ms
[2025-11-17 20:24:58] [32minfo[39m:PATCH /users/4 - 1 record(s) affected | 7ms
[2025-11-17 20:24:58] [32minfo[39m:GET /users - 29 record(s) Sent | 2ms
[2025-11-17 20:25:00] [32minfo[39m:GET /users/4 - 1 record(s) Sent | 3ms
[2025-11-17 20:25:00] [32minfo[39m:GET /orders/user/4 - 3 record(s) Sent | 6ms
[2025-11-17 20:30:04] [32minfo[39m:GET /users - 29 record(s) Sent | 32ms
[2025-11-17 20:30:13] [32minfo[39m:GET /users - 29 record(s) Sent | 6ms
[2025-11-17 20:30:40] [32minfo[39m:GET /users - 29 record(s) Sent | 4ms
[2025-11-17 20:31:30] [32minfo[39m:GET /users - 29 record(s) Sent | 6ms
[2025-11-17 20:31:57] [32minfo[39m:GET /users - 29 record(s) Sent | 21ms
[2025-11-17 20:32:20] [32minfo[39m:GET /users - 29 record(s) Sent | 9ms
[2025-11-17 20:36:19] [32minfo[39m:GET /users/3 - 1 record(s) Sent | 16ms
[2025-11-17 20:36:19] [32minfo[39m:GET /orders/user/3 - 3 record(s) Sent | 25ms
[2025-11-17 20:41:43] [32minfo[39m:GET /orders/user/1 - 0 record(s) Sent | 180ms
[2025-11-17 20:41:43] [32minfo[39m:GET /users/1 - 1 record(s) Sent | 253ms
[2025-11-17 20:41:56] [32minfo[39m:Server listening on http://localhost:3000
[2025-11-17 20:41:56] [32minfo[39m:GET /users/2 - 1 record(s) Sent | 38ms
[2025-11-17 20:41:56] [32minfo[39m:GET /orders/user/2 - 4 record(s) Sent | 23ms
[2025-11-17 20:44:47] [32minfo[39m:Server listening on http://localhost:3000
[2025-11-17 20:45:00] [32minfo[39m:GET /users - 29 record(s) Sent | 60ms
[2025-11-17 20:45:01] [32minfo[39m:GET /users/1 - 1 record(s) Sent | 6ms
[2025-11-17 20:45:01] [31merror[39m:[DB error]: ER_BAD_FIELD_ERROR: Unknown column 'oi.order_id' in 'on clause'
[2025-11-17 20:45:31] [32minfo[39m:Server listening on http://localhost:3000
[2025-11-17 20:45:35] [32minfo[39m:GET /orders/user/2 - 7 record(s) Sent | 17ms
[2025-11-17 20:45:35] [32minfo[39m:GET /users/2 - 1 record(s) Sent | 55ms
[2025-11-17 20:45:43] [32minfo[39m:GET /users/4 - 1 record(s) Sent | 4ms
[2025-11-17 20:45:43] [32minfo[39m:GET /orders/user/4 - 4 record(s) Sent | 5ms
[2025-11-17 20:46:36] [32minfo[39m:GET /users - 29 record(s) Sent | 18ms
[2025-11-17 20:48:25] [32minfo[39m:GET /users - 29 record(s) Sent | 17ms
[2025-11-17 20:49:04] [32minfo[39m:GET /users - 29 record(s) Sent | 21ms
[2025-11-17 20:50:49] [32minfo[39m:GET /users - 29 record(s) Sent | 10ms
[2025-11-17 20:51:03] [32minfo[39m:GET /users - 29 record(s) Sent | 12ms
[2025-11-17 20:51:05] [32minfo[39m:GET /users/1 - 1 record(s) Sent | 140ms
[2025-11-17 20:51:05] [32minfo[39m:GET /orders/user/1 - 0 record(s) Sent | 137ms
[2025-11-17 20:51:10] [32minfo[39m:GET /users/2 - 1 record(s) Sent | 27ms
[2025-11-17 20:51:11] [32minfo[39m:GET /orders/user/2 - 7 record(s) Sent | 126ms
[2025-11-17 20:52:10] [32minfo[39m:GET /users - 29 record(s) Sent | 4ms
[2025-11-17 20:52:13] [32minfo[39m:GET /orders/user/3 - 6 record(s) Sent | 4ms
[2025-11-17 20:52:13] [32minfo[39m:GET /users/3 - 1 record(s) Sent | 5ms
[2025-11-17 20:54:42] [32minfo[39m:GET /users - 29 record(s) Sent | 756ms
[2025-11-17 20:54:44] [32minfo[39m:GET /users/1 - 1 record(s) Sent | 13ms
[2025-11-17 20:54:44] [32minfo[39m:GET /orders/user/1 - 0 record(s) Sent | 49ms
[2025-11-17 20:54:48] [32minfo[39m:GET /users/2 - 1 record(s) Sent | 6ms
[2025-11-17 20:54:48] [32minfo[39m:GET /orders/user/2 - 7 record(s) Sent | 8ms
[2025-11-17 20:54:56] [32minfo[39m:GET /users/3 - 1 record(s) Sent | 4ms
[2025-11-17 20:54:56] [32minfo[39m:GET /orders/user/3 - 6 record(s) Sent | 15ms
[2025-11-17 20:55:00] [32minfo[39m:GET /users/5 - 1 record(s) Sent | 6ms
[2025-11-17 20:55:00] [32minfo[39m:GET /orders/user/5 - 5 record(s) Sent | 10ms
[2025-11-17 20:55:59] [32minfo[39m:GET /users - 29 record(s) Sent | 22ms
[2025-11-17 20:55:59] [32minfo[39m:GET /users/1 - 1 record(s) Sent | 4ms
[2025-11-17 20:55:59] [32minfo[39m:GET /orders/user/1 - 0 record(s) Sent | 5ms
[2025-11-17 20:56:04] [32minfo[39m:GET /users/2 - 1 record(s) Sent | 3ms
[2025-11-17 20:56:04] [32minfo[39m:GET /orders/user/2 - 7 record(s) Sent | 3ms
[2025-11-17 20:56:39] [32minfo[39m:GET /users - 29 record(s) Sent | 24ms
[2025-11-17 20:56:41] [32minfo[39m:GET /users/3 - 1 record(s) Sent | 3ms
[2025-11-17 20:56:41] [32minfo[39m:GET /orders/user/3 - 6 record(s) Sent | 6ms
[2025-11-17 20:57:07] [32minfo[39m:GET /users - 29 record(s) Sent | 31ms
[2025-11-17 20:57:09] [32minfo[39m:GET /users/5 - 1 record(s) Sent | 5ms
[2025-11-17 20:57:09] [32minfo[39m:GET /orders/user/5 - 5 record(s) Sent | 8ms
[2025-11-17 20:57:19] [32minfo[39m:GET /users - 29 record(s) Sent | 10ms
[2025-11-17 20:57:20] [32minfo[39m:GET /users/3 - 1 record(s) Sent | 2ms
[2025-11-17 20:57:20] [32minfo[39m:GET /orders/user/3 - 6 record(s) Sent | 3ms
[2025-11-17 20:57:33] [32minfo[39m:GET /users - 29 record(s) Sent | 4ms
[2025-11-17 20:57:34] [32minfo[39m:GET /orders/user/4 - 4 record(s) Sent | 3ms
[2025-11-17 20:57:34] [32minfo[39m:GET /users/4 - 1 record(s) Sent | 3ms
[2025-11-17 20:57:52] [32minfo[39m:GET /users - 29 record(s) Sent | 8ms
[2025-11-17 20:57:53] [32minfo[39m:GET /users/4 - 1 record(s) Sent | 2ms
[2025-11-17 20:57:53] [32minfo[39m:GET /orders/user/4 - 4 record(s) Sent | 4ms
[2025-11-17 20:58:18] [32minfo[39m:GET /users - 29 record(s) Sent | 6ms
[2025-11-17 20:58:20] [32minfo[39m:GET /users/4 - 1 record(s) Sent | 3ms
[2025-11-17 20:58:20] [32minfo[39m:GET /orders/user/4 - 4 record(s) Sent | 3ms
[2025-11-17 20:58:42] [32minfo[39m:GET /users/25 - 1 record(s) Sent | 3ms
[2025-11-17 20:58:42] [32minfo[39m:GET /orders/user/25 - 0 record(s) Sent | 3ms
[2025-11-17 20:58:49] [32minfo[39m:GET /users/22 - 1 record(s) Sent | 3ms
[2025-11-17 20:58:49] [32minfo[39m:GET /orders/user/22 - 0 record(s) Sent | 8ms
[2025-11-17 20:58:52] [32minfo[39m:GET /users/21 - 1 record(s) Sent | 3ms
[2025-11-17 20:58:52] [32minfo[39m:GET /orders/user/21 - 1 record(s) Sent | 2ms
[2025-11-17 20:58:59] [32minfo[39m:GET /orders/user/7 - 5 record(s) Sent | 1ms
[2025-11-17 20:58:59] [32minfo[39m:GET /users/7 - 1 record(s) Sent | 4ms
[2025-11-17 20:59:05] [32minfo[39m:GET /users/13 - 1 record(s) Sent | 2ms
[2025-11-17 20:59:05] [32minfo[39m:GET /orders/user/13 - 6 record(s) Sent | 4ms
[2025-11-18 08:07:56] [32minfo[39m:Server listening on http://localhost:3000
[2025-11-18 08:08:38] [32minfo[39m:POST /users/login - 1 record(s) affected | 23ms
[2025-11-18 08:08:42] [32minfo[39m:GET /users - 29 record(s) Sent | 2ms
[2025-11-18 08:08:44] [32minfo[39m:GET /users/1 - 1 record(s) Sent | 2ms
[2025-11-18 08:08:44] [32minfo[39m:GET /orders/user/1 - 0 record(s) Sent | 7ms
[2025-11-18 08:08:55] [32minfo[39m:GET /users/4 - 1 record(s) Sent | 2ms
[2025-11-18 08:08:55] [32minfo[39m:GET /orders/user/4 - 4 record(s) Sent | 3ms
[2025-11-18 08:10:34] [32minfo[39m:GET /users/3 - 1 record(s) Sent | 2ms
[2025-11-18 08:10:34] [32minfo[39m:GET /orders/user/3 - 6 record(s) Sent | 2ms
[2025-11-18 08:19:24] [32minfo[39m:GET /orders/user/2 - 7 record(s) Sent | 2ms
[2025-11-18 08:19:24] [32minfo[39m:GET /users/2 - 1 record(s) Sent | 3ms
[2025-11-18 08:23:04] [32minfo[39m:Server listening on http://localhost:3000
[2025-11-18 08:25:02] [32minfo[39m:GET /users - 29 record(s) Sent | 24ms
[2025-11-18 08:25:03] [32minfo[39m:GET /orders/user/1 - 0 record(s) Sent | 2ms
[2025-11-18 08:25:03] [32minfo[39m:GET /users/1 - 1 record(s) Sent | 5ms
[2025-11-18 08:25:07] [32minfo[39m:GET /users/3 - 1 record(s) Sent | 1ms
[2025-11-18 08:25:07] [32minfo[39m:GET /orders/user/3 - 6 record(s) Sent | 3ms
[2025-11-18 08:25:17] [32minfo[39m:GET /users/3 - 1 record(s) Sent | 1ms
[2025-11-18 08:25:17] [32minfo[39m:GET /orders/user/3 - 6 record(s) Sent | 2ms
[2025-11-18 08:25:55] [32minfo[39m:GET /users/2 - 1 record(s) Sent | 2ms
[2025-11-18 08:25:55] [32minfo[39m:GET /orders/user/2 - 7 record(s) Sent | 2ms
[2025-11-18 08:26:43] [32minfo[39m:GET /users/1 - 1 record(s) Sent | 2ms
[2025-11-18 08:26:43] [32minfo[39m:GET /orders/user/1 - 0 record(s) Sent | 2ms
[2025-11-18 08:26:46] [32minfo[39m:GET /users/4 - 1 record(s) Sent | 1ms
[2025-11-18 08:26:46] [32minfo[39m:GET /orders/user/4 - 4 record(s) Sent | 2ms
[2025-11-18 08:27:52] [32minfo[39m:GET /users/2 - 1 record(s) Sent | 2ms
[2025-11-18 08:27:52] [32minfo[39m:GET /orders/user/2 - 7 record(s) Sent | 3ms
[2025-11-18 08:29:10] [32minfo[39m:GET /users - 29 record(s) Sent | 1ms
[2025-11-18 08:30:30] [32minfo[39m:GET /users - 29 record(s) Sent | 1ms
[2025-11-18 08:30:38] [32minfo[39m:GET /users/4 - 1 record(s) Sent | 1ms
[2025-11-18 08:30:38] [32minfo[39m:GET /orders/user/4 - 4 record(s) Sent | 2ms
[2025-11-18 08:31:00] [32minfo[39m:GET /users - 29 record(s) Sent | 2ms
[2025-11-18 08:31:01] [32minfo[39m:GET /orders/user/1 - 0 record(s) Sent | 2ms
[2025-11-18 08:31:01] [32minfo[39m:GET /users/1 - 1 record(s) Sent | 2ms
[2025-11-18 08:31:05] [32minfo[39m:GET /users/2 - 1 record(s) Sent | 0ms
[2025-11-18 08:31:05] [32minfo[39m:GET /orders/user/2 - 7 record(s) Sent | 2ms
[2025-11-18 08:31:10] [32minfo[39m:GET /users - 29 record(s) Sent | 1ms
[2025-11-18 08:32:10] [32minfo[39m:GET /users - 29 record(s) Sent | 1ms
[2025-11-18 08:32:17] [32minfo[39m:GET /users - 29 record(s) Sent | 1ms
[2025-11-18 08:32:57] [32minfo[39m:GET /users - 29 record(s) Sent | 1ms
[2025-11-18 08:34:30] [32minfo[39m:GET /users - 29 record(s) Sent | 2ms
[2025-11-18 08:34:31] [32minfo[39m:GET /orders/user/1 - 0 record(s) Sent | 1ms
[2025-11-18 08:34:31] [32minfo[39m:GET /users/1 - 1 record(s) Sent | 2ms
[2025-11-18 08:34:33] [32minfo[39m:GET /users/2 - 1 record(s) Sent | 1ms
[2025-11-18 08:34:33] [32minfo[39m:GET /orders/user/2 - 7 record(s) Sent | 2ms
[2025-11-18 08:36:14] [32minfo[39m:GET /users - 29 record(s) Sent | 1ms
[2025-11-18 08:36:15] [32minfo[39m:GET /users/1 - 1 record(s) Sent | 1ms
[2025-11-18 08:36:15] [32minfo[39m:GET /orders/user/1 - 0 record(s) Sent | 2ms
[2025-11-18 08:36:18] [32minfo[39m:GET /users/2 - 1 record(s) Sent | 1ms
[2025-11-18 08:36:18] [32minfo[39m:GET /orders/user/2 - 7 record(s) Sent | 1ms
[2025-11-18 08:36:49] [32minfo[39m:GET /users/1 - 1 record(s) Sent | 1ms
[2025-11-18 08:36:49] [32minfo[39m:GET /orders/user/1 - 0 record(s) Sent | 2ms
[2025-11-18 08:37:22] [32minfo[39m:GET /users - 29 record(s) Sent | 1ms
[2025-11-18 08:37:23] [32minfo[39m:GET /users/1 - 1 record(s) Sent | 1ms
[2025-11-18 08:37:23] [32minfo[39m:GET /orders/user/1 - 0 record(s) Sent | 2ms
[2025-11-18 08:37:25] [32minfo[39m:GET /users/2 - 1 record(s) Sent | 1ms
[2025-11-18 08:37:25] [32minfo[39m:GET /orders/user/2 - 7 record(s) Sent | 2ms
[2025-11-18 08:40:15] [32minfo[39m:Server listening on http://localhost:3000
[2025-11-18 08:43:13] [32minfo[39m:GET /users - 29 record(s) Sent | 24ms
[2025-11-18 08:43:14] [32minfo[39m:GET /orders/user/1 - 0 record(s) Sent | 3ms
[2025-11-18 08:43:14] [32minfo[39m:GET /users/1 - 1 record(s) Sent | 5ms
[2025-11-18 08:43:17] [32minfo[39m:GET /users/4 - 1 record(s) Sent | 1ms
[2025-11-18 08:43:17] [32minfo[39m:GET /orders/user/4 - 4 record(s) Sent | 3ms
[2025-11-18 08:43:24] [32minfo[39m:GET /users/5 - 1 record(s) Sent | 3ms
[2025-11-18 08:43:24] [32minfo[39m:GET /orders/user/5 - 5 record(s) Sent | 3ms
[2025-11-18 08:43:37] [32minfo[39m:GET /users/5 - 1 record(s) Sent | 2ms
[2025-11-18 08:43:37] [32minfo[39m:GET /orders/user/5 - 5 record(s) Sent | 3ms
[2025-11-18 08:43:45] [32minfo[39m:GET /users - 29 record(s) Sent | 1ms
[2025-11-18 08:43:46] [32minfo[39m:GET /users/2 - 1 record(s) Sent | 1ms
[2025-11-18 08:43:46] [32minfo[39m:GET /orders/user/2 - 7 record(s) Sent | 3ms
[2025-11-18 08:44:50] [32minfo[39m:GET /users/3 - 1 record(s) Sent | 1ms
[2025-11-18 08:44:50] [32minfo[39m:GET /orders/user/3 - 6 record(s) Sent | 2ms
[2025-11-18 08:59:28] [32minfo[39m:GET /users/2 - 1 record(s) Sent | 1ms
[2025-11-18 08:59:28] [32minfo[39m:GET /orders/user/2 - 7 record(s) Sent | 2ms
[2025-11-18 09:00:53] [32minfo[39m:GET /users/5 - 1 record(s) Sent | 1ms
[2025-11-18 09:00:53] [32minfo[39m:GET /orders/user/5 - 5 record(s) Sent | 2ms
[2025-11-18 09:01:15] [32minfo[39m:GET /users/5 - 1 record(s) Sent | 2ms
[2025-11-18 09:01:15] [32minfo[39m:GET /orders/user/5 - 5 record(s) Sent | 2ms
[2025-11-18 09:01:20] [32minfo[39m:GET /users/29 - 1 record(s) Sent | 1ms
[2025-11-18 09:01:20] [32minfo[39m:GET /orders/user/29 - 0 record(s) Sent | 2ms
[2025-11-18 09:01:24] [32minfo[39m:GET /users/15 - 1 record(s) Sent | 2ms
[2025-11-18 09:01:24] [32minfo[39m:GET /orders/user/15 - 3 record(s) Sent | 2ms
[2025-11-18 09:01:28] [32minfo[39m:GET /users/15 - 1 record(s) Sent | 1ms
[2025-11-18 09:01:28] [32minfo[39m:GET /orders/user/15 - 3 record(s) Sent | 1ms
[2025-11-18 09:01:36] [32minfo[39m:GET /users/12 - 1 record(s) Sent | 1ms
[2025-11-18 09:01:36] [32minfo[39m:GET /orders/user/12 - 3 record(s) Sent | 2ms
[2025-11-18 09:02:40] [32minfo[39m:GET /users/11 - 1 record(s) Sent | 1ms
[2025-11-18 09:02:40] [32minfo[39m:GET /orders/user/11 - 6 record(s) Sent | 3ms
[2025-11-18 09:04:18] [32minfo[39m:GET /users/13 - 1 record(s) Sent | 1ms
[2025-11-18 09:04:18] [32minfo[39m:GET /orders/user/13 - 6 record(s) Sent | 3ms
[2025-11-18 09:04:24] [32minfo[39m:GET /users/15 - 1 record(s) Sent | 1ms
[2025-11-18 09:04:24] [32minfo[39m:GET /orders/user/15 - 3 record(s) Sent | 2ms
[2025-11-18 09:05:29] [32minfo[39m:GET /users/15 - 1 record(s) Sent | 1ms
[2025-11-18 09:05:29] [32minfo[39m:GET /orders/user/15 - 3 record(s) Sent | 2ms
[2025-11-18 09:06:06] [32minfo[39m:GET /users/13 - 1 record(s) Sent | 1ms
[2025-11-18 09:06:06] [32minfo[39m:GET /orders/user/13 - 6 record(s) Sent | 2ms
[2025-11-18 09:07:14] [32minfo[39m:GET /users - 29 record(s) Sent | 1ms
[2025-11-18 09:16:14] [32minfo[39m:GET /users - 29 record(s) Sent | 1ms
[2025-11-18 09:16:16] [32minfo[39m:GET /users/2 - 1 record(s) Sent | 1ms
[2025-11-18 09:16:16] [32minfo[39m:GET /orders/user/2 - 7 record(s) Sent | 3ms
[2025-11-18 09:16:30] [32minfo[39m:GET /users - 29 record(s) Sent | 1ms
[2025-11-18 09:16:30] [32minfo[39m:GET /users/1 - 1 record(s) Sent | 1ms
[2025-11-18 09:16:30] [32minfo[39m:GET /orders/user/1 - 0 record(s) Sent | 2ms
[2025-11-18 09:16:33] [32minfo[39m:GET /users/3 - 1 record(s) Sent | 1ms
[2025-11-18 09:16:33] [32minfo[39m:GET /orders/user/3 - 6 record(s) Sent | 2ms
[2025-11-18 09:17:03] [32minfo[39m:GET /users - 29 record(s) Sent | 1ms
[2025-11-18 09:17:05] [32minfo[39m:GET /orders/user/1 - 0 record(s) Sent | 2ms
[2025-11-18 09:17:05] [32minfo[39m:GET /users/1 - 1 record(s) Sent | 2ms
[2025-11-18 09:17:07] [32minfo[39m:GET /users/3 - 1 record(s) Sent | 2ms
[2025-11-18 09:17:07] [32minfo[39m:GET /orders/user/3 - 6 record(s) Sent | 2ms
[2025-11-18 09:23:05] [32minfo[39m:GET /users/1 - 1 record(s) Sent | 1ms
[2025-11-18 09:23:05] [32minfo[39m:GET /orders/user/1 - 0 record(s) Sent | 2ms
[2025-11-18 09:23:07] [32minfo[39m:GET /users/3 - 1 record(s) Sent | 1ms
[2025-11-18 09:23:07] [32minfo[39m:GET /orders/user/3 - 6 record(s) Sent | 2ms
[2025-11-18 09:28:28] [32minfo[39m:GET /users/5 - 1 record(s) Sent | 1ms
[2025-11-18 09:28:28] [32minfo[39m:GET /orders/user/5 - 5 record(s) Sent | 2ms
[2025-11-18 09:29:26] [32minfo[39m:GET /users - 29 record(s) Sent | 1ms
[2025-11-18 09:29:28] [32minfo[39m:GET /users/3 - 1 record(s) Sent | 1ms
[2025-11-18 09:29:28] [32minfo[39m:GET /orders/user/3 - 6 record(s) Sent | 3ms
[2025-11-18 09:30:02] [32minfo[39m:GET /users - 29 record(s) Sent | 1ms
[2025-11-18 09:30:02] [32minfo[39m:GET /users/3 - 1 record(s) Sent | 1ms
[2025-11-18 09:30:02] [32minfo[39m:GET /orders/user/3 - 6 record(s) Sent | 2ms
[2025-11-18 09:30:32] [32minfo[39m:GET /users - 29 record(s) Sent | 1ms
[2025-11-18 09:30:33] [32minfo[39m:GET /users/3 - 1 record(s) Sent | 1ms
[2025-11-18 09:30:33] [32minfo[39m:GET /orders/user/3 - 6 record(s) Sent | 3ms
[2025-11-18 09:31:03] [32minfo[39m:GET /users - 29 record(s) Sent | 1ms
[2025-11-18 09:31:17] [32minfo[39m:GET /users - 29 record(s) Sent | 1ms
[2025-11-18 09:31:23] [32minfo[39m:GET /users - 29 record(s) Sent | 2ms
[2025-11-18 09:31:27] [32minfo[39m:GET /users - 29 record(s) Sent | 2ms
[2025-11-18 09:31:39] [32minfo[39m:GET /users - 29 record(s) Sent | 1ms
[2025-11-18 09:32:30] [32minfo[39m:GET /users - 29 record(s) Sent | 1ms
[2025-11-18 09:32:51] [32minfo[39m:GET /users - 29 record(s) Sent | 1ms
[2025-11-18 09:33:02] [32minfo[39m:GET /users - 29 record(s) Sent | 2ms
[2025-11-18 09:33:23] [32minfo[39m:GET /users - 29 record(s) Sent | 1ms
[2025-11-18 09:33:39] [32minfo[39m:GET /users - 29 record(s) Sent | 1ms
[2025-11-18 09:34:12] [32minfo[39m:GET /users - 29 record(s) Sent | 1ms
[2025-11-18 09:34:13] [32minfo[39m:GET /orders/user/1 - 0 record(s) Sent | 1ms
[2025-11-18 09:34:13] [32minfo[39m:GET /users/1 - 1 record(s) Sent | 2ms
[2025-11-18 09:34:16] [32minfo[39m:GET /users/2 - 1 record(s) Sent | 1ms
[2025-11-18 09:34:16] [32minfo[39m:GET /orders/user/2 - 7 record(s) Sent | 2ms
[2025-11-18 09:34:33] [32minfo[39m:GET /users - 29 record(s) Sent | 0ms
[2025-11-18 09:34:35] [32minfo[39m:GET /users/2 - 1 record(s) Sent | 1ms
[2025-11-18 09:34:35] [32minfo[39m:PATCH /users/2 - 1 record(s) affected | 2ms
[2025-11-18 09:34:35] [32minfo[39m:GET /users - 29 record(s) Sent | 1ms
[2025-11-18 09:34:36] [32minfo[39m:GET /users/2 - 1 record(s) Sent | 1ms
[2025-11-18 09:34:36] [32minfo[39m:PATCH /users/2 - 1 record(s) affected | 1ms
[2025-11-18 09:34:36] [32minfo[39m:GET /users - 29 record(s) Sent | 1ms
[2025-11-18 09:34:37] [32minfo[39m:GET /users/2 - 1 record(s) Sent | 0ms
[2025-11-18 09:34:37] [32minfo[39m:PATCH /users/2 - 1 record(s) affected | 3ms
[2025-11-18 09:34:37] [32minfo[39m:GET /users - 29 record(s) Sent | 1ms
[2025-11-18 09:34:39] [32minfo[39m:GET /users/2 - 1 record(s) Sent | 1ms
[2025-11-18 09:34:39] [32minfo[39m:PATCH /users/2 - 1 record(s) affected | 0ms
[2025-11-18 09:34:39] [32minfo[39m:GET /users - 29 record(s) Sent | 1ms
[2025-11-18 09:34:39] [32minfo[39m:GET /users/2 - 1 record(s) Sent | 1ms
[2025-11-18 09:34:39] [32minfo[39m:PATCH /users/2 - 1 record(s) affected | 3ms
[2025-11-18 09:34:39] [32minfo[39m:GET /users - 29 record(s) Sent | 1ms
[2025-11-18 09:34:40] [32minfo[39m:GET /users/2 - 1 record(s) Sent | 1ms
[2025-11-18 09:34:40] [32minfo[39m:PATCH /users/2 - 1 record(s) affected | 1ms
[2025-11-18 09:34:40] [32minfo[39m:GET /users - 29 record(s) Sent | 1ms
[2025-11-18 09:34:40] [32minfo[39m:GET /users/2 - 1 record(s) Sent | 1ms
[2025-11-18 09:34:40] [32minfo[39m:PATCH /users/2 - 1 record(s) affected | 4ms
[2025-11-18 09:34:40] [32minfo[39m:GET /users - 29 record(s) Sent | 1ms
[2025-11-18 09:34:42] [32minfo[39m:GET /users/2 - 1 record(s) Sent | 1ms
[2025-11-18 09:34:42] [32minfo[39m:GET /orders/user/2 - 7 record(s) Sent | 2ms
[2025-11-18 09:36:15] [32minfo[39m:Server listening on http://localhost:3000
[2025-11-18 09:37:02] [32minfo[39m:GET /users - 29 record(s) Sent | 20ms
[2025-11-18 09:37:10] [32minfo[39m:GET /users - 29 record(s) Sent | 2ms
[2025-11-18 09:37:12] [32minfo[39m:GET /orders/user/1 - 0 record(s) Sent | 2ms
[2025-11-18 09:37:12] [32minfo[39m:GET /users/1 - 1 record(s) Sent | 4ms
[2025-11-18 09:37:15] [32minfo[39m:GET /users/3 - 1 record(s) Sent | 2ms
[2025-11-18 09:37:15] [32minfo[39m:GET /orders/user/3 - 6 record(s) Sent | 3ms
[2025-11-18 09:37:31] [32minfo[39m:GET /users - 29 record(s) Sent | 1ms
[2025-11-18 09:37:33] [32minfo[39m:GET /orders/user/2 - 7 record(s) Sent | 2ms
[2025-11-18 09:37:33] [32minfo[39m:GET /users/2 - 1 record(s) Sent | 3ms
[2025-11-18 09:39:28] [32minfo[39m:GET /users/4 - 1 record(s) Sent | 1ms
[2025-11-18 09:39:28] [32minfo[39m:PATCH /users/4 - 1 record(s) affected | 2ms
[2025-11-18 09:39:28] [32minfo[39m:GET /users - 29 record(s) Sent | 1ms
[2025-11-18 09:39:30] [32minfo[39m:GET /users/4 - 1 record(s) Sent | 1ms
[2025-11-18 09:39:30] [32minfo[39m:PATCH /users/4 - 1 record(s) affected | 1ms
[2025-11-18 09:39:30] [32minfo[39m:GET /users - 29 record(s) Sent | 2ms
[2025-11-18 09:39:30] [32minfo[39m:GET /users/4 - 1 record(s) Sent | 1ms
[2025-11-18 09:39:30] [32minfo[39m:PATCH /users/4 - 1 record(s) affected | 3ms
[2025-11-18 09:39:30] [32minfo[39m:GET /users - 29 record(s) Sent | 1ms
[2025-11-18 09:50:57] [32minfo[39m:GET /users/3 - 1 record(s) Sent | 1ms
[2025-11-18 09:50:57] [32minfo[39m:GET /orders/user/3 - 6 record(s) Sent | 2ms
[2025-11-18 09:55:12] [32minfo[39m:GET /users/1 - 1 record(s) Sent | 1ms
[2025-11-18 09:55:12] [32minfo[39m:GET /orders/user/1 - 0 record(s) Sent | 2ms
[2025-11-18 09:55:26] [32minfo[39m:GET /users/3 - 1 record(s) Sent | 1ms
[2025-11-18 09:55:26] [32minfo[39m:GET /orders/user/3 - 6 record(s) Sent | 1ms
[2025-11-18 09:55:34] [32minfo[39m:GET /users/3 - 1 record(s) Sent | 1ms
[2025-11-18 09:55:34] [32minfo[39m:GET /orders/user/3 - 6 record(s) Sent | 2ms
[2025-11-18 10:00:46] [32minfo[39m:GET /pizzas - 20 record(s) Sent | 1ms
[2025-11-18 10:04:02] [32minfo[39m:GET /pizzas - 20 record(s) Sent | 2ms
[2025-11-18 10:04:44] [32minfo[39m:GET /users - 29 record(s) Sent | 1ms
[2025-11-18 10:04:47] [32minfo[39m:GET /users/4 - 1 record(s) Sent | 1ms
[2025-11-18 10:04:47] [32minfo[39m:PATCH /users/4 - 1 record(s) affected | 3ms
[2025-11-18 10:04:47] [32minfo[39m:GET /users - 29 record(s) Sent | 1ms
[2025-11-18 10:04:56] [32minfo[39m:GET /users - 29 record(s) Sent | 2ms
[2025-11-18 10:15:13] [32minfo[39m:GET /users - 29 record(s) Sent | 2ms
[2025-11-18 10:15:43] [32minfo[39m:GET /orders - 50 record(s) Sent | 2ms
[2025-11-18 10:16:16] [32minfo[39m:GET /orders - 50 record(s) Sent | 1ms
[2025-11-18 10:20:10] [32minfo[39m:GET /orders - 50 record(s) Sent | 1ms
[2025-11-18 10:21:05] [32minfo[39m:GET /orders - 50 record(s) Sent | 1ms
[2025-11-18 10:22:54] [32minfo[39m:GET /orders - 50 record(s) Sent | 1ms
[2025-11-18 10:23:07] [32minfo[39m:GET /orders - 50 record(s) Sent | 0ms
[2025-11-18 10:23:18] [32minfo[39m:GET /orders - 50 record(s) Sent | 1ms
[2025-11-18 10:25:22] [32minfo[39m:GET /orders - 50 record(s) Sent | 1ms
[2025-11-18 10:26:31] [32minfo[39m:GET /orders - 50 record(s) Sent | 1ms
[2025-11-18 10:27:03] [32minfo[39m:GET /orders - 50 record(s) Sent | 1ms
[2025-11-18 10:27:06] [32minfo[39m:GET /users - 29 record(s) Sent | 1ms
[2025-11-18 10:27:10] [32minfo[39m:GET /users/2 - 1 record(s) Sent | 1ms
[2025-11-18 10:27:10] [32minfo[39m:GET /orders/user/2 - 7 record(s) Sent | 2ms
[2025-11-18 10:29:19] [32minfo[39m:GET /users - 29 record(s) Sent | 0ms
[2025-11-18 10:29:21] [32minfo[39m:GET /orders - 50 record(s) Sent | 1ms
[2025-11-18 10:29:52] [32minfo[39m:GET /orders - 50 record(s) Sent | 1ms
[2025-11-18 10:30:19] [32minfo[39m:GET /orders - 50 record(s) Sent | 1ms
[2025-11-18 10:30:23] [32minfo[39m:GET /orders - 50 record(s) Sent | 1ms
[2025-11-18 10:30:32] [32minfo[39m:GET /orders - 50 record(s) Sent | 3ms
[2025-11-18 10:32:08] [32minfo[39m:GET /orders - 50 record(s) Sent | 2ms
[2025-11-18 10:33:30] [32minfo[39m:GET /orders - 50 record(s) Sent | 1ms
[2025-11-18 10:35:05] [32minfo[39m:GET /orders - 50 record(s) Sent | 1ms
[2025-11-18 10:54:26] [32minfo[39m:GET /orders - 50 record(s) Sent | 1ms
[2025-11-18 10:54:31] [32minfo[39m:GET /orders - 50 record(s) Sent | 1ms
[2025-11-18 10:54:46] [32minfo[39m:GET /orders - 50 record(s) Sent | 1ms
[2025-11-18 10:54:49] [32minfo[39m:GET /orders - 50 record(s) Sent | 1ms
[2025-11-18 10:55:25] [32minfo[39m:GET /orders - 50 record(s) Sent | 1ms
[2025-11-18 10:55:29] [32minfo[39m:GET /orders - 50 record(s) Sent | 1ms
[2025-11-18 10:59:41] [32minfo[39m:GET /orders - 50 record(s) Sent | 2ms
[2025-11-18 10:59:59] [32minfo[39m:GET /orders - 50 record(s) Sent | 1ms
[2025-11-18 11:00:16] [32minfo[39m:GET /orders - 50 record(s) Sent | 1ms
[2025-11-18 11:01:26] [32minfo[39m:GET /orders - 50 record(s) Sent | 1ms
[2025-11-18 11:01:47] [32minfo[39m:GET /orders - 50 record(s) Sent | 2ms
[2025-11-18 11:07:35] [32minfo[39m:GET /orders - 50 record(s) Sent | 1ms
[2025-11-18 11:08:17] [32minfo[39m:GET /orders - 50 record(s) Sent | 2ms
[2025-11-18 11:09:03] [32minfo[39m:GET /orders - 50 record(s) Sent | 1ms
[2025-11-18 11:09:14] [32minfo[39m:GET /orders - 50 record(s) Sent | 1ms
[2025-11-18 11:09:19] [32minfo[39m:GET /orders - 50 record(s) Sent | 1ms
[2025-11-18 11:09:22] [32minfo[39m:GET /orders - 50 record(s) Sent | 1ms
[2025-11-18 11:09:36] [32minfo[39m:GET /orders - 50 record(s) Sent | 1ms
[2025-11-18 11:09:42] [32minfo[39m:GET /orders - 50 record(s) Sent | 0ms
[2025-11-18 11:10:09] [32minfo[39m:GET /orders - 50 record(s) Sent | 1ms
[2025-11-18 11:13:02] [32minfo[39m:GET /orders - 50 record(s) Sent | 1ms
[2025-11-18 11:13:37] [32minfo[39m:GET /orders - 50 record(s) Sent | 1ms
[2025-11-18 11:13:46] [32minfo[39m:GET /orders - 50 record(s) Sent | 1ms
[2025-11-18 11:13:59] [32minfo[39m:GET /orders - 50 record(s) Sent | 1ms
[2025-11-18 11:14:04] [32minfo[39m:GET /orders - 50 record(s) Sent | 1ms
[2025-11-18 11:15:11] [32minfo[39m:GET /orders - 50 record(s) Sent | 1ms
[2025-11-18 11:18:44] [32minfo[39m:GET /orders - 50 record(s) Sent | 1ms
[2025-11-18 11:20:25] [32minfo[39m:GET /orders - 50 record(s) Sent | 1ms
[2025-11-18 11:20:38] [32minfo[39m:PATCH /orders/2 - 1 record(s) affected | 2ms
[2025-11-18 11:20:38] [32minfo[39m:GET /orders - 50 record(s) Sent | 1ms
[2025-11-18 11:20:40] [32minfo[39m:GET /orders - 50 record(s) Sent | 1ms
[2025-11-18 11:20:44] [32minfo[39m:PATCH /orders/17 - 1 record(s) affected | 3ms
[2025-11-18 11:20:44] [32minfo[39m:GET /orders - 50 record(s) Sent | 1ms
[2025-11-18 11:20:47] [32minfo[39m:GET /orders - 50 record(s) Sent | 1ms
[2025-11-18 11:20:49] [32minfo[39m:PATCH /orders/31 - 1 record(s) affected | 3ms
[2025-11-18 11:20:49] [32minfo[39m:GET /orders - 50 record(s) Sent | 0ms
[2025-11-18 11:20:57] [32minfo[39m:PATCH /orders/22 - 1 record(s) affected | 3ms
[2025-11-18 11:20:57] [32minfo[39m:GET /orders - 50 record(s) Sent | 1ms
[2025-11-18 11:21:53] [32minfo[39m:GET /orders - 50 record(s) Sent | 1ms
[2025-11-18 11:25:39] [32minfo[39m:GET /orders - 50 record(s) Sent | 2ms
[2025-11-18 11:25:50] [32minfo[39m:GET /orders - 50 record(s) Sent | 1ms
[2025-11-18 11:26:56] [32minfo[39m:GET /orders - 50 record(s) Sent | 1ms
[2025-11-18 11:27:18] [32minfo[39m:GET /orders - 50 record(s) Sent | 1ms
[2025-11-18 11:28:33] [32minfo[39m:GET /orders - 50 record(s) Sent | 1ms
[2025-11-18 11:28:45] [32minfo[39m:GET /orders - 50 record(s) Sent | 2ms
[2025-11-18 11:28:57] [32minfo[39m:GET /orders - 50 record(s) Sent | 1ms
[2025-11-18 11:29:15] [32minfo[39m:GET /orders - 50 record(s) Sent | 2ms
[2025-11-18 11:30:18] [32minfo[39m:GET /orders - 50 record(s) Sent | 1ms
[2025-11-18 11:31:03] [32minfo[39m:GET /orders - 50 record(s) Sent | 1ms
[2025-11-18 11:31:20] [32minfo[39m:GET /orders - 50 record(s) Sent | 1ms
[2025-11-18 11:31:22] [32minfo[39m:GET /orders/1 - 1 record(s) Sent | 1ms
[2025-11-18 11:32:23] [32minfo[39m:GET /orders - 50 record(s) Sent | 0ms
[2025-11-18 11:32:24] [32minfo[39m:GET /orders/1 - 1 record(s) Sent | 1ms
[2025-11-18 11:32:24] [32minfo[39m:GET /orders/1 - 1 record(s) Sent | 0ms
[2025-11-18 11:32:25] [32minfo[39m:GET /orders/1 - 1 record(s) Sent | 0ms
[2025-11-18 11:32:25] [32minfo[39m:GET /orders/1 - 1 record(s) Sent | 1ms
[2025-11-18 11:32:25] [32minfo[39m:GET /orders/1 - 1 record(s) Sent | 0ms
[2025-11-18 11:32:30] [32minfo[39m:GET /orders - 50 record(s) Sent | 1ms
[2025-11-18 11:32:37] [32minfo[39m:GET /orders - 50 record(s) Sent | 1ms
[2025-11-19 08:09:12] [32minfo[39m:Server listening on http://localhost:3000
[2025-11-19 08:10:03] [31merror[39m:[DB error]: connect ECONNREFUSED ::1:3306
[2025-11-19 08:10:03] [31merror[39m:[DB error]: connect ECONNREFUSED ::1:3306
[2025-11-19 08:10:05] [31merror[39m:[DB error]: connect ECONNREFUSED ::1:3306
[2025-11-19 08:10:19] [32minfo[39m:POST /users/login - 0 record(s) affected | 43ms
[2025-11-19 08:11:10] [32minfo[39m:Server listening on http://localhost:3000
[2025-11-19 08:11:21] [32minfo[39m:POST /users/login - 1 record(s) affected | 17ms
[2025-11-19 08:11:22] [32minfo[39m:GET /pizzas - 20 record(s) Sent | 4ms
[2025-11-19 08:11:23] [32minfo[39m:GET /orders - 50 record(s) Sent | 3ms
[2025-11-19 08:12:53] [32minfo[39m:GET /orders - 50 record(s) Sent | 2ms
[2025-11-19 08:13:40] [32minfo[39m:GET /orders - 50 record(s) Sent | 2ms
[2025-11-19 08:18:43] [32minfo[39m:Server listening on http://localhost:3000
[2025-11-19 09:07:30] [32minfo[39m:Server listening on http://localhost:3000
[2025-11-19 09:09:17] [32minfo[39m:Server listening on http://localhost:3000
[2025-11-19 09:09:39] [32minfo[39m:Server listening on http://localhost:3000
[2025-11-19 09:10:28] [32minfo[39m:Server listening on http://localhost:3000
[2025-11-19 09:10:45] [32minfo[39m:Server listening on http://localhost:3000
[2025-11-19 09:11:54] [31merror[39m:[DB error]: ER_PARSE_ERROR: You have an error in your SQL syntax; check the manual that corresponds to your MariaDB server version for the right syntax to use near 'to,subject,message) VALUES('farkaszalan@turr.hu','teszt','tesztüzenet')' at line 1
[2025-11-19 09:12:00] [31merror[39m:[DB error]: ER_PARSE_ERROR: You have an error in your SQL syntax; check the manual that corresponds to your MariaDB server version for the right syntax to use near 'to,subject,message) VALUES('farkaszalan@turr.hu','teszt','tesztüzenet')' at line 1
[2025-11-19 09:22:54] [32minfo[39m:Server listening on http://localhost:3000
[2025-11-19 09:40:36] [32minfo[39m:Server listening on http://localhost:3000
[2025-11-19 10:11:49] [32minfo[39m:Server listening on http://localhost:3000
[2025-11-19 10:14:30] [32minfo[39m:Server listening on http://localhost:3000
[2025-11-19 10:14:49] [32minfo[39m:Server listening on http://localhost:3000
[2025-11-19 10:16:14] [32minfo[39m:Server listening on http://localhost:3000
[2025-11-19 10:16:37] [32minfo[39m:Server listening on http://localhost:3000
[2025-11-19 10:17:07] [32minfo[39m:Server listening on http://localhost:3000
[2025-11-19 10:20:15] [32minfo[39m:Server listening on http://localhost:3000
[2025-11-19 10:22:46] [32minfo[39m:Server listening on http://localhost:3000
[2025-11-19 10:23:16] [32minfo[39m:Server listening on http://localhost:3000
[2025-11-19 10:24:04] [32minfo[39m:Server listening on http://localhost:3000
[2025-11-19 10:27:06] [32minfo[39m:PATCH /orders/5 - 1 record(s) affected | 11ms
[2025-11-19 10:27:06] [32minfo[39m:GET /orders - 50 record(s) Sent | 2ms
[2025-11-19 11:03:48] [32minfo[39m:Server listening on http://localhost:3000
[2025-11-19 12:06:44] [32minfo[39m:POST /users/registration - 1 record(s) affected | 10ms
[2025-11-19 12:07:42] [32minfo[39m:POST /users/registration - 1 record(s) affected | 2ms
[2025-12-09 08:41:01] [32minfo[39m:Server listening on http://localhost:undefined
[2025-12-09 09:04:15] [32minfo[39m:Server listening on http://localhost:undefined
[2025-12-09 09:32:47] [32minfo[39m:Server listening on http://localhost:3000
[2025-12-09 09:32:50] [32minfo[39m:GET /accommodations - 5 record(s) Sent | 19ms
[2025-12-09 09:34:56] [32minfo[39m:GET /accommodations - 5 record(s) Sent | 4ms
[2025-12-09 09:35:21] [32minfo[39m:GET /accommodations - 5 record(s) Sent | 2ms
[2025-12-09 09:35:49] [32minfo[39m:GET /accommodations - 5 record(s) Sent | 2ms
[2025-12-09 09:35:50] [32minfo[39m:GET /accommodations - 5 record(s) Sent | 2ms
[2025-12-09 09:37:00] [32minfo[39m:GET /accommodations - 5 record(s) Sent | 2ms
[2025-12-09 09:37:23] [32minfo[39m:GET /accommodations - 5 record(s) Sent | 2ms
[2025-12-09 09:37:40] [32minfo[39m:GET /accommodations - 5 record(s) Sent | 1ms
[2025-12-09 09:37:56] [32minfo[39m:GET /accommodations - 5 record(s) Sent | 2ms
[2025-12-09 09:38:05] [32minfo[39m:GET /accommodations - 5 record(s) Sent | 3ms
[2025-12-09 09:38:58] [32minfo[39m:GET /accommodations - 5 record(s) Sent | 1ms
[2025-12-09 09:39:35] [32minfo[39m:GET /accommodations - 5 record(s) Sent | 2ms
[2025-12-09 09:52:53] [32minfo[39m:GET /accommodations - 5 record(s) Sent | 2ms
[2025-12-09 10:02:40] [32minfo[39m:GET /accommodations - 5 record(s) Sent | 2ms
[2025-12-09 10:02:45] [32minfo[39m:GET /accommodations - 5 record(s) Sent | 1ms
[2025-12-09 10:02:58] [32minfo[39m:GET /accommodations - 5 record(s) Sent | 2ms
[2025-12-09 10:03:19] [32minfo[39m:GET /accommodations - 5 record(s) Sent | 2ms
[2025-12-09 10:04:26] [32minfo[39m:GET /accommodations - 5 record(s) Sent | 1ms
[2025-12-09 10:05:02] [32minfo[39m:GET /accommodations - 5 record(s) Sent | 2ms
[2025-12-09 10:05:05] [32minfo[39m:GET /accommodations - 5 record(s) Sent | 1ms
[2025-12-09 10:05:06] [32minfo[39m:GET /accommodations - 5 record(s) Sent | 2ms
[2025-12-09 10:05:15] [32minfo[39m:GET /accommodations - 5 record(s) Sent | 1ms
[2025-12-09 10:05:18] [32minfo[39m:GET /accommodations - 5 record(s) Sent | 2ms
[2025-12-09 10:05:21] [32minfo[39m:Server listening on http://localhost:3000
[2025-12-09 10:05:53] [32minfo[39m:Server listening on http://localhost:3000
[2025-12-09 10:05:54] [32minfo[39m:GET /accommodations - 5 record(s) Sent | 20ms
[2025-12-09 10:06:41] [32minfo[39m:GET /accommodations - 5 record(s) Sent | 4ms
[2025-12-09 10:06:49] [32minfo[39m:GET /accommodations - 5 record(s) Sent | 1ms
[2025-12-09 10:07:18] [32minfo[39m:GET /accommodations - 5 record(s) Sent | 1ms
[2025-12-09 10:13:28] [31merror[39m:[DB error]: ER_NO_SUCH_TABLE: Table '2025_honfoglalas.uploads' doesn't exist
[2025-12-09 10:14:55] [32minfo[39m:GET /accommodations - 5 record(s) Sent | 1ms
[2025-12-09 10:14:55] [31merror[39m:[DB error]: ER_NO_SUCH_TABLE: Table '2025_honfoglalas.images' doesn't exist
[2025-12-09 10:14:57] [32minfo[39m:GET /accommodations - 5 record(s) Sent | 2ms
[2025-12-09 10:14:57] [31merror[39m:[DB error]: ER_NO_SUCH_TABLE: Table '2025_honfoglalas.images' doesn't exist
[2025-12-09 10:15:03] [32minfo[39m:GET /accommodations - 5 record(s) Sent | 2ms
[2025-12-09 10:15:03] [31merror[39m:[DB error]: ER_NO_SUCH_TABLE: Table '2025_honfoglalas.images' doesn't exist
[2025-12-09 10:15:44] [32minfo[39m:GET /accommodations - 5 record(s) Sent | 1ms
[2025-12-09 10:15:44] [31merror[39m:[DB error]: ER_NO_SUCH_TABLE: Table '2025_honfoglalas.images' doesn't exist
[2025-12-09 10:19:51] [32minfo[39m:GET /accommodations - 5 record(s) Sent | 2ms
[2025-12-09 10:20:27] [32minfo[39m:GET /accommodations - 5 record(s) Sent | 2ms
[2025-12-09 10:20:27] [32minfo[39m:GET /accommodation_images/hotel1.jpg - 0 record(s) Sent | 2ms
[2025-12-09 10:21:22] [32minfo[39m:GET /accommodations - 5 record(s) Sent | 2ms
[2025-12-09 10:21:22] [32minfo[39m:GET /accommodation_images - 2 record(s) Sent | 3ms
[2025-12-09 10:22:33] [31merror[39m:[DB error]: ER_NO_SUCH_TABLE: Table '2025_honfoglalas.uploads' doesn't exist
[2025-12-09 10:23:38] [32minfo[39m:GET /accommodations - 5 record(s) Sent | 2ms
[2025-12-09 10:23:38] [32minfo[39m:GET /accommodation_images/hotel1.jpg - 0 record(s) Sent | 1ms
[2025-12-09 10:24:00] [32minfo[39m:GET /accommodations - 5 record(s) Sent | 2ms
[2025-12-09 10:24:00] [32minfo[39m:GET /accommodation_images - 2 record(s) Sent | 2ms
[2025-12-09 10:24:06] [32minfo[39m:GET /accommodations - 5 record(s) Sent | 1ms
[2025-12-09 10:24:06] [32minfo[39m:GET /accommodation_images - 2 record(s) Sent | 1ms
[2025-12-09 10:58:19] [32minfo[39m:Server listening on http://localhost:3000
[2025-12-09 10:58:23] [32minfo[39m:GET /accommodations - 5 record(s) Sent | 18ms
[2025-12-09 10:58:23] [32minfo[39m:GET /accommodation_images - 0 record(s) Sent | 3ms
[2025-12-09 10:58:32] [32minfo[39m:GET /accommodations - 5 record(s) Sent | 3ms
[2025-12-09 10:58:32] [32minfo[39m:GET /accommodation_images - 0 record(s) Sent | 1ms
[2025-12-09 10:58:33] [32minfo[39m:GET /accommodations - 5 record(s) Sent | 3ms
[2025-12-09 10:58:33] [32minfo[39m:GET /accommodation_images - 0 record(s) Sent | 2ms
[2025-12-09 11:07:47] [32minfo[39m:POST /users/login - 0 record(s) affected | 1ms
[2025-12-09 11:13:23] [32minfo[39m:Server listening on http://localhost:3000
[2025-12-09 11:13:28] [32minfo[39m:GET /accommodations - 5 record(s) Sent | 14ms
[2025-12-09 11:13:28] [32minfo[39m:GET /accommodation_images - 0 record(s) Sent | 2ms
[2025-12-09 11:13:29] [32minfo[39m:GET /accommodations - 5 record(s) Sent | 1ms
[2025-12-09 11:13:29] [32minfo[39m:GET /accommodation_images - 0 record(s) Sent | 1ms
[2025-12-09 11:13:34] [32minfo[39m:GET /accommodations - 5 record(s) Sent | 2ms
[2025-12-09 11:13:34] [32minfo[39m:GET /accommodation_images - 0 record(s) Sent | 2ms
[2025-12-09 11:13:34] [32minfo[39m:GET /accommodations - 5 record(s) Sent | 1ms
[2025-12-09 11:13:35] [32minfo[39m:GET /accommodation_images - 0 record(s) Sent | 1ms
[2025-12-09 11:13:35] [32minfo[39m:GET /accommodations - 5 record(s) Sent | 1ms
[2025-12-09 11:13:35] [32minfo[39m:GET /accommodation_images - 0 record(s) Sent | 1ms
[2025-12-09 11:13:35] [32minfo[39m:GET /accommodations - 5 record(s) Sent | 2ms
[2025-12-09 11:13:35] [32minfo[39m:GET /accommodation_images - 0 record(s) Sent | 1ms
[2025-12-09 11:13:51] [32minfo[39m:GET /accommodations - 5 record(s) Sent | 2ms
[2025-12-09 11:13:51] [32minfo[39m:GET /accommodation_images - 0 record(s) Sent | 2ms
[2025-12-09 11:14:02] [32minfo[39m:GET /accommodations - 5 record(s) Sent | 1ms
[2025-12-09 11:14:02] [32minfo[39m:GET /accommodation_images - 0 record(s) Sent | 0ms
[2025-12-09 11:14:10] [32minfo[39m:GET /accommodations - 5 record(s) Sent | 2ms
[2025-12-09 11:14:10] [32minfo[39m:GET /accommodation_images - 0 record(s) Sent | 2ms
[2025-12-09 11:14:42] [32minfo[39m:GET /accommodations - 5 record(s) Sent | 1ms
[2025-12-09 11:14:42] [32minfo[39m:GET /accommodation_images - 0 record(s) Sent | 1ms
[2025-12-09 11:15:09] [32minfo[39m:GET /accommodations - 5 record(s) Sent | 1ms
[2025-12-09 11:15:09] [32minfo[39m:GET /accommodation_images - 0 record(s) Sent | 3ms
[2025-12-09 11:15:30] [32minfo[39m:GET /accommodations - 5 record(s) Sent | 2ms
[2025-12-09 11:15:30] [32minfo[39m:GET /accommodation_images - 0 record(s) Sent | 1ms
[2025-12-09 11:15:33] [32minfo[39m:GET /accommodations - 5 record(s) Sent | 1ms
[2025-12-09 11:15:33] [32minfo[39m:GET /accommodation_images - 0 record(s) Sent | 1ms
[2025-12-09 11:15:35] [32minfo[39m:GET /accommodations - 5 record(s) Sent | 2ms
[2025-12-09 11:15:35] [32minfo[39m:GET /accommodation_images - 0 record(s) Sent | 1ms
[2025-12-09 11:16:02] [32minfo[39m:GET /accommodations - 5 record(s) Sent | 2ms
[2025-12-09 11:16:02] [32minfo[39m:GET /accommodation_images - 0 record(s) Sent | 1ms
[2025-12-09 11:16:07] [32minfo[39m:GET /accommodations - 5 record(s) Sent | 2ms
[2025-12-09 11:16:07] [32minfo[39m:GET /accommodation_images - 0 record(s) Sent | 2ms
[2025-12-09 11:16:43] [32minfo[39m:GET /accommodations - 5 record(s) Sent | 1ms
[2025-12-09 11:16:43] [32minfo[39m:GET /accommodation_images - 0 record(s) Sent | 1ms
[2025-12-09 11:16:46] [32minfo[39m:GET /accommodations - 5 record(s) Sent | 2ms
[2025-12-09 11:16:46] [32minfo[39m:GET /accommodation_images - 0 record(s) Sent | 1ms
[2025-12-09 11:16:47] [32minfo[39m:GET /accommodations - 5 record(s) Sent | 2ms
[2025-12-09 11:16:47] [32minfo[39m:GET /accommodation_images - 0 record(s) Sent | 1ms
[2025-12-09 11:18:27] [32minfo[39m:GET /accommodations - 5 record(s) Sent | 1ms
[2025-12-09 11:18:27] [32minfo[39m:GET /accommodation_images - 0 record(s) Sent | 1ms
[2025-12-09 11:18:28] [32minfo[39m:GET /accommodations - 5 record(s) Sent | 1ms
[2025-12-09 11:18:28] [32minfo[39m:GET /accommodation_images - 0 record(s) Sent | 2ms
[2025-12-09 11:18:29] [32minfo[39m:GET /accommodations - 5 record(s) Sent | 2ms
[2025-12-09 11:18:29] [32minfo[39m:GET /accommodation_images - 0 record(s) Sent | 1ms
[2025-12-09 11:18:35] [32minfo[39m:GET /accommodations - 5 record(s) Sent | 2ms
[2025-12-09 11:18:35] [32minfo[39m:GET /accommodation_images - 0 record(s) Sent | 2ms
[2025-12-09 11:18:40] [32minfo[39m:GET /accommodations - 5 record(s) Sent | 1ms
[2025-12-09 11:18:40] [32minfo[39m:GET /accommodation_images - 0 record(s) Sent | 1ms
[2025-12-09 11:18:42] [32minfo[39m:GET /accommodations - 5 record(s) Sent | 1ms
[2025-12-09 11:18:42] [32minfo[39m:GET /accommodation_images - 0 record(s) Sent | 1ms
[2025-12-09 11:18:44] [32minfo[39m:GET /accommodations - 5 record(s) Sent | 1ms
[2025-12-09 11:18:44] [32minfo[39m:GET /accommodation_images - 0 record(s) Sent | 1ms
[2025-12-09 11:18:56] [32minfo[39m:GET /accommodations - 5 record(s) Sent | 1ms
[2025-12-09 11:18:56] [32minfo[39m:GET /accommodation_images - 0 record(s) Sent | 1ms
[2025-12-09 11:19:03] [32minfo[39m:GET /accommodations - 5 record(s) Sent | 1ms
[2025-12-09 11:19:03] [32minfo[39m:GET /accommodation_images - 0 record(s) Sent | 1ms
[2025-12-09 11:22:17] [32minfo[39m:GET /accommodations - 5 record(s) Sent | 1ms
[2025-12-09 11:22:17] [32minfo[39m:GET /accommodation_images - 0 record(s) Sent | 1ms
[2025-12-09 11:22:18] [32minfo[39m:GET /accommodations - 5 record(s) Sent | 2ms
[2025-12-09 11:22:18] [32minfo[39m:GET /accommodation_images - 0 record(s) Sent | 1ms
[2025-12-09 11:22:39] [32minfo[39m:GET /accommodations - 5 record(s) Sent | 4ms
[2025-12-09 11:22:39] [32minfo[39m:GET /accommodation_images - 0 record(s) Sent | 2ms
[2025-12-09 11:22:41] [32minfo[39m:GET /accommodations - 5 record(s) Sent | 1ms
[2025-12-09 11:22:41] [32minfo[39m:GET /accommodation_images - 0 record(s) Sent | 2ms
[2025-12-09 11:22:53] [32minfo[39m:GET /accommodations - 5 record(s) Sent | 1ms
[2025-12-09 11:22:53] [32minfo[39m:GET /accommodation_images - 0 record(s) Sent | 2ms
[2025-12-09 11:22:59] [32minfo[39m:GET /accommodations - 5 record(s) Sent | 1ms
[2025-12-09 11:22:59] [32minfo[39m:GET /accommodation_images - 0 record(s) Sent | 1ms
[2025-12-09 11:24:10] [32minfo[39m:GET /accommodations - 5 record(s) Sent | 1ms
[2025-12-09 11:24:10] [32minfo[39m:GET /accommodation_images - 0 record(s) Sent | 1ms
[2025-12-09 11:25:24] [32minfo[39m:GET /accommodations - 5 record(s) Sent | 1ms
[2025-12-09 11:25:24] [32minfo[39m:GET /accommodation_images - 0 record(s) Sent | 1ms
[2025-12-09 11:31:39] [32minfo[39m:POST /users/registration - 1 record(s) affected | 4ms
[2025-12-09 11:33:18] [32minfo[39m:Server listening on http://localhost:3000
[2025-12-09 11:33:23] [32minfo[39m:POST /users/registration - 1 record(s) affected | 13ms
[2025-12-09 11:34:04] [32minfo[39m:Server listening on http://localhost:3000
[2025-12-09 11:52:56] [32minfo[39m:GET /accommodations - 5 record(s) Sent | 16ms
[2025-12-09 11:52:56] [32minfo[39m:GET /accommodation_images - 0 record(s) Sent | 2ms
[2025-12-09 11:54:08] [32minfo[39m:GET /accommodations - 5 record(s) Sent | 2ms
[2025-12-09 11:54:08] [32minfo[39m:GET /accommodation_images - 0 record(s) Sent | 1ms
[2025-12-09 11:58:38] [32minfo[39m:POST /users/registration - 1 record(s) affected | 4ms
[2025-12-09 11:58:49] [32minfo[39m:Server listening on http://localhost:3000
[2025-12-09 11:58:56] [32minfo[39m:POST /users/registration - 1 record(s) affected | 12ms
[2025-12-09 11:59:01] [32minfo[39m:Server listening on http://localhost:3000
[2025-12-09 11:59:09] [32minfo[39m:POST /users/registration - 1 record(s) affected | 11ms
[2025-12-09 11:59:59] [32minfo[39m:Server listening on http://localhost:3000
[2025-12-09 12:00:03] [32minfo[39m:POST /users/login - 1 record(s) affected | 10ms
[2025-12-09 12:02:49] [32minfo[39m:GET /accommodations - 5 record(s) Sent | 2ms
[2025-12-09 12:02:49] [32minfo[39m:GET /accommodation_images - 0 record(s) Sent | 1ms
